#
# There is insufficient memory for the Java Runtime Environment to continue.
# Native memory allocation (malloc) failed to allocate 32744 bytes for Chunk::new
# Possible reasons:
#   The system is out of physical RAM or swap space
#   The process is running with CompressedOops enabled, and the Java Heap may be blocking the growth of the native heap
# Possible solutions:
#   Reduce memory load on the system
#   Increase physical memory or swap space
#   Check if swap backing store is full
#   Decrease Java heap size (-Xmx/-Xms)
#   Decrease number of Java threads
#   Decrease Java thread stack sizes (-Xss)
#   Set larger code cache with -XX:ReservedCodeCacheSize=
#   JVM is running with Zero Based Compressed Oops mode in which the Java heap is
#     placed in the first 32GB address space. The Java Heap base address is the
#     maximum limit for the native heap growth. Please use -XX:HeapBaseMinAddress
#     to set the Java Heap base and to place the Java Heap above 32GB virtual address.
# This output file may be truncated or incomplete.
#
#  Out of Memory Error (arena.cpp:168), pid=15216, tid=20452
#
# JRE version: Java(TM) SE Runtime Environment (21.0.8+12) (build 21.0.8+12-LTS-250)
# Java VM: Java HotSpot(TM) 64-Bit Server VM (21.0.8+12-LTS-250, mixed mode, sharing, tiered, compressed oops, compressed class ptrs, g1 gc, windows-amd64)
# No core dump will be written. Minidumps are not enabled by default on client versions of Windows
#

---------------  S U M M A R Y ------------

Command Line: -javaagent:F:\IntelliJ IDEA Community Edition 2025.2\lib\idea_rt.jar=53357 -Dfile.encoding=UTF-8 -Dsun.stdout.encoding=UTF-8 -Dsun.stderr.encoding=UTF-8 com.store.restaurant.RestaurantApplication

Host: 11th Gen Intel(R) Core(TM) i5-11400H @ 2.70GHz, 12 cores, 15G,  Windows 11 , 64 bit Build 26100 (10.0.26100.7309)
Time: Mon Dec  8 22:44:52 2025 SE Asia Standard Time elapsed time: 14.944578 seconds (0d 0h 0m 14s)

---------------  T H R E A D  ---------------

Current thread (0x000002c49cb03aa0):  JavaThread "C2 CompilerThread1" daemon [_thread_in_native, id=20452, stack(0x000000d72e700000,0x000000d72e800000) (1024K)]


Current CompileTask:
C2:  14944 8709       4       org.springframework.core.ResolvableType::as (86 bytes)

Stack: [0x000000d72e700000,0x000000d72e800000]
Native frames: (J=compiled Java code, j=interpreted, Vv=VM code, C=native code)
V  [jvm.dll+0x6cc179]
V  [jvm.dll+0x8584c1]
V  [jvm.dll+0x85a9ee]
V  [jvm.dll+0x85b0c3]
V  [jvm.dll+0x27ebf6]
V  [jvm.dll+0xc4f4d]
V  [jvm.dll+0xc5483]
V  [jvm.dll+0x1f7300]
V  [jvm.dll+0x1f6ed6]
V  [jvm.dll+0x6e6da9]
V  [jvm.dll+0x6e1aa2]
V  [jvm.dll+0x6e27df]
V  [jvm.dll+0x6e63b1]
V  [jvm.dll+0x6de605]
V  [jvm.dll+0x6ddace]
V  [jvm.dll+0x6dbcec]
V  [jvm.dll+0x1caafc]
V  [jvm.dll+0x2f12af]
V  [jvm.dll+0x6e63d8]
V  [jvm.dll+0x6de605]
V  [jvm.dll+0x6ddace]
V  [jvm.dll+0x6dbcec]
V  [jvm.dll+0x1caafc]
V  [jvm.dll+0x1cb67c]
V  [jvm.dll+0x2f12af]
V  [jvm.dll+0x6e63d8]
V  [jvm.dll+0x6de605]
V  [jvm.dll+0x6ddace]
V  [jvm.dll+0x6dbcec]
V  [jvm.dll+0x1caafc]
V  [jvm.dll+0x2f12af]
V  [jvm.dll+0x6e63d8]
V  [jvm.dll+0x6de605]
V  [jvm.dll+0x6ddace]
V  [jvm.dll+0x6dbcec]
V  [jvm.dll+0x1caafc]
V  [jvm.dll+0x2f12af]
V  [jvm.dll+0x6e63d8]
V  [jvm.dll+0x6de605]
V  [jvm.dll+0x6ddace]
V  [jvm.dll+0x6dbcec]
V  [jvm.dll+0x1caafc]
V  [jvm.dll+0x2f12af]
V  [jvm.dll+0x6e63d8]
V  [jvm.dll+0x6de605]
V  [jvm.dll+0x6ddace]
V  [jvm.dll+0x6dbcec]
V  [jvm.dll+0x1caafc]
V  [jvm.dll+0x2f12af]
V  [jvm.dll+0x6e63d8]
V  [jvm.dll+0x6de605]
V  [jvm.dll+0x6ddace]
V  [jvm.dll+0x6dbcec]
V  [jvm.dll+0x1caafc]
V  [jvm.dll+0x1cb67c]
V  [jvm.dll+0x2f12af]
V  [jvm.dll+0x6e63d8]
V  [jvm.dll+0x6de605]
V  [jvm.dll+0x6ddace]
V  [jvm.dll+0x6dbcec]
V  [jvm.dll+0x1caafc]
V  [jvm.dll+0x1cb67c]
V  [jvm.dll+0x2f12af]
V  [jvm.dll+0x6e63d8]
V  [jvm.dll+0x6de605]
V  [jvm.dll+0x6ddace]
V  [jvm.dll+0x6dbcec]
V  [jvm.dll+0x1caafc]
V  [jvm.dll+0x2467be]
V  [jvm.dll+0x1c7a3e]
V  [jvm.dll+0x256359]
V  [jvm.dll+0x2548ea]
V  [jvm.dll+0x3efef6]
V  [jvm.dll+0x80279b]
V  [jvm.dll+0x6ca85d]
C  [ucrtbase.dll+0x37b0]
C  [KERNEL32.DLL+0x2e8d7]
C  [ntdll.dll+0x8c53c]


---------------  P R O C E S S  ---------------

Threads class SMR info:
_java_thread_list=0x000002c49d33fee0, length=24, elements={
0x000002c4308db860, 0x000002c4518a5a30, 0x000002c4518aa190, 0x000002c4518aaed0,
0x000002c4518adb00, 0x000002c452258090, 0x000002c452258910, 0x000002c452259390,
0x000002c4518b7b70, 0x000002c45187cc60, 0x000002c45264e8c0, 0x000002c452499ab0,
0x000002c4986c1e60, 0x000002c4989cd860, 0x000002c498701ef0, 0x000002c498361130,
0x000002c49995e920, 0x000002c49995f640, 0x000002c49995efb0, 0x000002c499960360,
0x000002c49995fcd0, 0x000002c49d4e0b50, 0x000002c49cb03aa0, 0x000002c49a0d7790
}

Java Threads: ( => current thread )
  0x000002c4308db860 JavaThread "main"                              [_thread_in_vm, id=24496, stack(0x000000d72cd00000,0x000000d72ce00000) (1024K)]
  0x000002c4518a5a30 JavaThread "Reference Handler"          daemon [_thread_blocked, id=28620, stack(0x000000d72d500000,0x000000d72d600000) (1024K)]
  0x000002c4518aa190 JavaThread "Finalizer"                  daemon [_thread_blocked, id=27516, stack(0x000000d72d600000,0x000000d72d700000) (1024K)]
  0x000002c4518aaed0 JavaThread "Signal Dispatcher"          daemon [_thread_blocked, id=22572, stack(0x000000d72d700000,0x000000d72d800000) (1024K)]
  0x000002c4518adb00 JavaThread "Attach Listener"            daemon [_thread_blocked, id=30828, stack(0x000000d72d800000,0x000000d72d900000) (1024K)]
  0x000002c452258090 JavaThread "Service Thread"             daemon [_thread_blocked, id=9564, stack(0x000000d72d900000,0x000000d72da00000) (1024K)]
  0x000002c452258910 JavaThread "Monitor Deflation Thread"   daemon [_thread_blocked, id=25420, stack(0x000000d72da00000,0x000000d72db00000) (1024K)]
  0x000002c452259390 JavaThread "C2 CompilerThread0"         daemon [_thread_blocked, id=20604, stack(0x000000d72db00000,0x000000d72dc00000) (1024K)]
  0x000002c4518b7b70 JavaThread "C1 CompilerThread0"         daemon [_thread_in_vm, id=26928, stack(0x000000d72dc00000,0x000000d72dd00000) (1024K)]
  0x000002c45187cc60 JavaThread "Common-Cleaner"             daemon [_thread_blocked, id=3300, stack(0x000000d72dd00000,0x000000d72de00000) (1024K)]
  0x000002c45264e8c0 JavaThread "Monitor Ctrl-Break"         daemon [_thread_in_native, id=25268, stack(0x000000d72de00000,0x000000d72df00000) (1024K)]
  0x000002c452499ab0 JavaThread "Notification Thread"        daemon [_thread_blocked, id=28504, stack(0x000000d72df00000,0x000000d72e000000) (1024K)]
  0x000002c4986c1e60 JavaThread "RMI TCP Accept-0"           daemon [_thread_in_native, id=16508, stack(0x000000d72e600000,0x000000d72e700000) (1024K)]
  0x000002c4989cd860 JavaThread "RMI TCP Connection(1)-172.31.240.1" daemon [_thread_in_native, id=27476, stack(0x000000d72ec00000,0x000000d72ed00000) (1024K)]
  0x000002c498701ef0 JavaThread "RMI Scheduler(0)"           daemon [_thread_blocked, id=6064, stack(0x000000d72ed00000,0x000000d72ee00000) (1024K)]
  0x000002c498361130 JavaThread "JMX server connection timeout 37" daemon [_thread_blocked, id=21188, stack(0x000000d72ee00000,0x000000d72ef00000) (1024K)]
  0x000002c49995e920 JavaThread "RMI TCP Connection(2)-172.31.240.1" daemon [_thread_in_native, id=19384, stack(0x000000d72f100000,0x000000d72f200000) (1024K)]
  0x000002c49995f640 JavaThread "Catalina-utility-1"                [_thread_blocked, id=10556, stack(0x000000d72f200000,0x000000d72f300000) (1024K)]
  0x000002c49995efb0 JavaThread "Catalina-utility-2"                [_thread_blocked, id=27500, stack(0x000000d72f300000,0x000000d72f400000) (1024K)]
  0x000002c499960360 JavaThread "container-0"                       [_thread_blocked, id=24060, stack(0x000000d72f400000,0x000000d72f500000) (1024K)]
  0x000002c49995fcd0 JavaThread "mysql-cj-abandoned-connection-cleanup" daemon [_thread_blocked, id=21012, stack(0x000000d72f500000,0x000000d72f600000) (1024K)]
  0x000002c49d4e0b50 JavaThread "HikariPool-1:housekeeper"   daemon [_thread_blocked, id=21564, stack(0x000000d72e000000,0x000000d72e100000) (1024K)]
=>0x000002c49cb03aa0 JavaThread "C2 CompilerThread1"         daemon [_thread_in_native, id=20452, stack(0x000000d72e700000,0x000000d72e800000) (1024K)]
  0x000002c49a0d7790 JavaThread "C2 CompilerThread2"         daemon [_thread_in_native, id=2204, stack(0x000000d72f700000,0x000000d72f800000) (1024K)]
Total: 24

Other Threads:
  0x000002c45188fef0 VMThread "VM Thread"                           [id=23692, stack(0x000000d72d400000,0x000000d72d500000) (1024K)]
  0x000002c45187bfb0 WatcherThread "VM Periodic Task Thread"        [id=23132, stack(0x000000d72d300000,0x000000d72d400000) (1024K)]
  0x000002c432c08b90 WorkerThread "GC Thread#0"                     [id=8976, stack(0x000000d72ce00000,0x000000d72cf00000) (1024K)]
  0x000002c452907bf0 WorkerThread "GC Thread#1"                     [id=13812, stack(0x000000d72e100000,0x000000d72e200000) (1024K)]
  0x000002c45293f530 WorkerThread "GC Thread#2"                     [id=11968, stack(0x000000d72e200000,0x000000d72e300000) (1024K)]
  0x000002c45293f8d0 WorkerThread "GC Thread#3"                     [id=19116, stack(0x000000d72e300000,0x000000d72e400000) (1024K)]
  0x000002c452d7f900 WorkerThread "GC Thread#4"                     [id=11424, stack(0x000000d72e400000,0x000000d72e500000) (1024K)]
  0x000002c452d800b0 WorkerThread "GC Thread#5"                     [id=22020, stack(0x000000d72e500000,0x000000d72e600000) (1024K)]
  0x000002c498685890 WorkerThread "GC Thread#6"                     [id=31428, stack(0x000000d72e800000,0x000000d72e900000) (1024K)]
  0x000002c49858bce0 WorkerThread "GC Thread#7"                     [id=20708, stack(0x000000d72e900000,0x000000d72ea00000) (1024K)]
  0x000002c49826bff0 WorkerThread "GC Thread#8"                     [id=17256, stack(0x000000d72ea00000,0x000000d72eb00000) (1024K)]
  0x000002c49826b510 WorkerThread "GC Thread#9"                     [id=6576, stack(0x000000d72eb00000,0x000000d72ec00000) (1024K)]
  0x000002c432c19960 ConcurrentGCThread "G1 Main Marker"            [id=9000, stack(0x000000d72cf00000,0x000000d72d000000) (1024K)]
  0x000002c432c1c840 WorkerThread "G1 Conc#0"                       [id=24304, stack(0x000000d72d000000,0x000000d72d100000) (1024K)]
  0x000002c49826c390 WorkerThread "G1 Conc#1"                       [id=17812, stack(0x000000d72ef00000,0x000000d72f000000) (1024K)]
  0x000002c49826b170 WorkerThread "G1 Conc#2"                       [id=15876, stack(0x000000d72f000000,0x000000d72f100000) (1024K)]
  0x000002c451745470 ConcurrentGCThread "G1 Refine#0"               [id=20188, stack(0x000000d72d100000,0x000000d72d200000) (1024K)]
  0x000002c4517478b0 ConcurrentGCThread "G1 Service"                [id=23496, stack(0x000000d72d200000,0x000000d72d300000) (1024K)]
Total: 18

Threads with active compile tasks:
C1 CompilerThread0    15005 8717       3       org.springframework.beans.factory.support.AbstractAutowireCapableBeanFactory::populateBean (355 bytes)
C2 CompilerThread1    15005 8709       4       org.springframework.core.ResolvableType::as (86 bytes)
C2 CompilerThread2    15006 8692       4       org.springframework.beans.factory.support.AbstractBeanFactory::isTypeMatch (745 bytes)
Total: 3

VM state: not at safepoint (normal execution)

VM Mutex/Monitor currently owned by a thread: None

Heap address: 0x0000000703600000, size: 4042 MB, Compressed Oops mode: Zero based, Oop shift amount: 3

CDS archive(s) mapped at: [0x000002c453000000-0x000002c453c90000-0x000002c453c90000), size 13172736, SharedBaseAddress: 0x000002c453000000, ArchiveRelocationMode: 1.
Compressed class space mapped at: 0x000002c454000000-0x000002c494000000, reserved size: 1073741824
Narrow klass base: 0x000002c453000000, Narrow klass shift: 0, Narrow klass range: 0x100000000

GC Precious Log:
 CardTable entry size: 512
 Card Set container configuration: InlinePtr #cards 4 size 8 Array Of Cards #cards 16 size 48 Howl #buckets 8 coarsen threshold 3686 Howl Bitmap #cards 512 size 80 coarsen threshold 460 Card regions per heap region 1 cards per card region 4096
 CPUs: 12 total, 12 available
 Memory: 16163M
 Large Page Support: Disabled
 NUMA Support: Disabled
 Compressed Oops: Enabled (Zero based)
 Heap Region Size: 2M
 Heap Min Capacity: 8M
 Heap Initial Capacity: 254M
 Heap Max Capacity: 4042M
 Pre-touch: Disabled
 Parallel Workers: 10
 Concurrent Workers: 3
 Concurrent Refinement Workers: 10
 Periodic GC: Disabled

Heap:
 garbage-first heap   total 528384K, used 358493K [0x0000000703600000, 0x0000000800000000)
  region size 2048K, 111 young (227328K), 10 survivors (20480K)
 Metaspace       used 78248K, committed 79040K, reserved 1179648K
  class space    used 10674K, committed 11008K, reserved 1048576K

Heap Regions: E=young(eden), S=young(survivor), O=old, HS=humongous(starts), HC=humongous(continues), CS=collection set, F=free, TAMS=top-at-mark-start, PB=parsable bottom
|   0|0x0000000703600000, 0x0000000703800000, 0x0000000703800000|100%| O|  |TAMS 0x0000000703600000| PB 0x0000000703600000| Untracked 
|   1|0x0000000703800000, 0x0000000703a00000, 0x0000000703a00000|100%| O|  |TAMS 0x0000000703800000| PB 0x0000000703800000| Untracked 
|   2|0x0000000703a00000, 0x0000000703c00000, 0x0000000703c00000|100%| O|  |TAMS 0x0000000703a00000| PB 0x0000000703a00000| Untracked 
|   3|0x0000000703c00000, 0x0000000703e00000, 0x0000000703e00000|100%| O|  |TAMS 0x0000000703c00000| PB 0x0000000703c00000| Untracked 
|   4|0x0000000703e00000, 0x0000000704000000, 0x0000000704000000|100%| O|  |TAMS 0x0000000703e00000| PB 0x0000000703e00000| Untracked 
|   5|0x0000000704000000, 0x0000000704200000, 0x0000000704200000|100%| O|  |TAMS 0x0000000704000000| PB 0x0000000704000000| Untracked 
|   6|0x0000000704200000, 0x0000000704400000, 0x0000000704400000|100%| O|  |TAMS 0x0000000704200000| PB 0x0000000704200000| Untracked 
|   7|0x0000000704400000, 0x0000000704600000, 0x0000000704600000|100%| O|  |TAMS 0x0000000704400000| PB 0x0000000704400000| Untracked 
|   8|0x0000000704600000, 0x0000000704800000, 0x0000000704800000|100%| O|  |TAMS 0x0000000704600000| PB 0x0000000704600000| Untracked 
|   9|0x0000000704800000, 0x0000000704a00000, 0x0000000704a00000|100%| O|  |TAMS 0x0000000704800000| PB 0x0000000704800000| Untracked 
|  10|0x0000000704a00000, 0x0000000704c00000, 0x0000000704c00000|100%| O|  |TAMS 0x0000000704a00000| PB 0x0000000704a00000| Untracked 
|  11|0x0000000704c00000, 0x0000000704e00000, 0x0000000704e00000|100%| O|  |TAMS 0x0000000704c00000| PB 0x0000000704c00000| Untracked 
|  12|0x0000000704e00000, 0x0000000705000000, 0x0000000705000000|100%| O|  |TAMS 0x0000000704e00000| PB 0x0000000704e00000| Untracked 
|  13|0x0000000705000000, 0x0000000705200000, 0x0000000705200000|100%| O|  |TAMS 0x0000000705000000| PB 0x0000000705000000| Untracked 
|  14|0x0000000705200000, 0x0000000705400000, 0x0000000705400000|100%| O|  |TAMS 0x0000000705200000| PB 0x0000000705200000| Untracked 
|  15|0x0000000705400000, 0x0000000705600000, 0x0000000705600000|100%| O|  |TAMS 0x0000000705400000| PB 0x0000000705400000| Untracked 
|  16|0x0000000705600000, 0x0000000705800000, 0x0000000705800000|100%| O|  |TAMS 0x0000000705600000| PB 0x0000000705600000| Untracked 
|  17|0x0000000705800000, 0x0000000705a00000, 0x0000000705a00000|100%| O|  |TAMS 0x0000000705800000| PB 0x0000000705800000| Untracked 
|  18|0x0000000705a00000, 0x0000000705c00000, 0x0000000705c00000|100%| O|  |TAMS 0x0000000705a00000| PB 0x0000000705a00000| Untracked 
|  19|0x0000000705c00000, 0x0000000705e00000, 0x0000000705e00000|100%| O|  |TAMS 0x0000000705c00000| PB 0x0000000705c00000| Untracked 
|  20|0x0000000705e00000, 0x0000000706000000, 0x0000000706000000|100%| O|  |TAMS 0x0000000705e00000| PB 0x0000000705e00000| Untracked 
|  21|0x0000000706000000, 0x0000000706200000, 0x0000000706200000|100%| O|  |TAMS 0x0000000706000000| PB 0x0000000706000000| Untracked 
|  22|0x0000000706200000, 0x0000000706400000, 0x0000000706400000|100%| O|Cm|TAMS 0x0000000706200000| PB 0x0000000706200000| Complete 
|  23|0x0000000706400000, 0x0000000706600000, 0x0000000706600000|100%| O|  |TAMS 0x0000000706400000| PB 0x0000000706400000| Untracked 
|  24|0x0000000706600000, 0x0000000706800000, 0x0000000706800000|100%| O|  |TAMS 0x0000000706600000| PB 0x0000000706600000| Untracked 
|  25|0x0000000706800000, 0x0000000706a00000, 0x0000000706a00000|100%| O|  |TAMS 0x0000000706800000| PB 0x0000000706800000| Untracked 
|  26|0x0000000706a00000, 0x0000000706c00000, 0x0000000706c00000|100%| O|Cm|TAMS 0x0000000706a00000| PB 0x0000000706a00000| Complete 
|  27|0x0000000706c00000, 0x0000000706e00000, 0x0000000706e00000|100%| O|  |TAMS 0x0000000706c00000| PB 0x0000000706c00000| Untracked 
|  28|0x0000000706e00000, 0x0000000707000000, 0x0000000707000000|100%| O|Cm|TAMS 0x0000000706e00000| PB 0x0000000706e00000| Complete 
|  29|0x0000000707000000, 0x0000000707200000, 0x0000000707200000|100%| O|  |TAMS 0x0000000707000000| PB 0x0000000707000000| Untracked 
|  30|0x0000000707200000, 0x0000000707400000, 0x0000000707400000|100%| O|  |TAMS 0x0000000707200000| PB 0x0000000707200000| Untracked 
|  31|0x0000000707400000, 0x0000000707600000, 0x0000000707600000|100%| O|  |TAMS 0x0000000707400000| PB 0x0000000707400000| Untracked 
|  32|0x0000000707600000, 0x0000000707800000, 0x0000000707800000|100%| O|  |TAMS 0x0000000707600000| PB 0x0000000707600000| Untracked 
|  33|0x0000000707800000, 0x0000000707a00000, 0x0000000707a00000|100%| O|  |TAMS 0x0000000707800000| PB 0x0000000707800000| Untracked 
|  34|0x0000000707a00000, 0x0000000707c00000, 0x0000000707c00000|100%| O|  |TAMS 0x0000000707a00000| PB 0x0000000707a00000| Untracked 
|  35|0x0000000707c00000, 0x0000000707e00000, 0x0000000707e00000|100%| O|  |TAMS 0x0000000707c00000| PB 0x0000000707c00000| Untracked 
|  36|0x0000000707e00000, 0x0000000708000000, 0x0000000708000000|100%| O|  |TAMS 0x0000000707e00000| PB 0x0000000707e00000| Untracked 
|  37|0x0000000708000000, 0x0000000708200000, 0x0000000708200000|100%| O|  |TAMS 0x0000000708000000| PB 0x0000000708000000| Untracked 
|  38|0x0000000708200000, 0x0000000708400000, 0x0000000708400000|100%| O|  |TAMS 0x0000000708200000| PB 0x0000000708200000| Untracked 
|  39|0x0000000708400000, 0x0000000708600000, 0x0000000708600000|100%| O|  |TAMS 0x0000000708400000| PB 0x0000000708400000| Untracked 
|  40|0x0000000708600000, 0x0000000708800000, 0x0000000708800000|100%| O|  |TAMS 0x0000000708600000| PB 0x0000000708600000| Untracked 
|  41|0x0000000708800000, 0x0000000708a00000, 0x0000000708a00000|100%| O|  |TAMS 0x0000000708800000| PB 0x0000000708800000| Untracked 
|  42|0x0000000708a00000, 0x0000000708c00000, 0x0000000708c00000|100%| O|  |TAMS 0x0000000708a00000| PB 0x0000000708a00000| Untracked 
|  43|0x0000000708c00000, 0x0000000708e00000, 0x0000000708e00000|100%| O|  |TAMS 0x0000000708c00000| PB 0x0000000708c00000| Untracked 
|  44|0x0000000708e00000, 0x0000000709000000, 0x0000000709000000|100%| O|  |TAMS 0x0000000708e00000| PB 0x0000000708e00000| Untracked 
|  45|0x0000000709000000, 0x0000000709200000, 0x0000000709200000|100%| O|  |TAMS 0x0000000709000000| PB 0x0000000709000000| Untracked 
|  46|0x0000000709200000, 0x0000000709400000, 0x0000000709400000|100%| O|  |TAMS 0x0000000709200000| PB 0x0000000709200000| Untracked 
|  47|0x0000000709400000, 0x0000000709600000, 0x0000000709600000|100%| O|  |TAMS 0x0000000709400000| PB 0x0000000709400000| Untracked 
|  48|0x0000000709600000, 0x0000000709800000, 0x0000000709800000|100%| O|  |TAMS 0x0000000709600000| PB 0x0000000709600000| Untracked 
|  49|0x0000000709800000, 0x0000000709a00000, 0x0000000709a00000|100%| O|  |TAMS 0x0000000709800000| PB 0x0000000709800000| Untracked 
|  50|0x0000000709a00000, 0x0000000709c00000, 0x0000000709c00000|100%| O|  |TAMS 0x0000000709a00000| PB 0x0000000709a00000| Untracked 
|  51|0x0000000709c00000, 0x0000000709e00000, 0x0000000709e00000|100%| O|  |TAMS 0x0000000709c00000| PB 0x0000000709c00000| Untracked 
|  52|0x0000000709e00000, 0x000000070a000000, 0x000000070a000000|100%| O|  |TAMS 0x0000000709e00000| PB 0x0000000709e00000| Untracked 
|  53|0x000000070a000000, 0x000000070a200000, 0x000000070a200000|100%| O|  |TAMS 0x000000070a000000| PB 0x000000070a000000| Untracked 
|  54|0x000000070a200000, 0x000000070a400000, 0x000000070a400000|100%| O|  |TAMS 0x000000070a200000| PB 0x000000070a200000| Untracked 
|  55|0x000000070a400000, 0x000000070a600000, 0x000000070a600000|100%| O|  |TAMS 0x000000070a400000| PB 0x000000070a400000| Untracked 
|  56|0x000000070a600000, 0x000000070a800000, 0x000000070a800000|100%| O|  |TAMS 0x000000070a600000| PB 0x000000070a600000| Untracked 
|  57|0x000000070a800000, 0x000000070aa00000, 0x000000070aa00000|100%| O|  |TAMS 0x000000070a800000| PB 0x000000070a800000| Untracked 
|  58|0x000000070aa00000, 0x000000070ac00000, 0x000000070ac00000|100%| O|  |TAMS 0x000000070aa00000| PB 0x000000070aa00000| Untracked 
|  59|0x000000070ac00000, 0x000000070ae00000, 0x000000070ae00000|100%| O|  |TAMS 0x000000070ac00000| PB 0x000000070ac00000| Untracked 
|  60|0x000000070ae00000, 0x000000070b000000, 0x000000070b000000|100%| O|  |TAMS 0x000000070ae00000| PB 0x000000070ae00000| Untracked 
|  61|0x000000070b000000, 0x000000070b200000, 0x000000070b200000|100%| O|  |TAMS 0x000000070b000000| PB 0x000000070b000000| Untracked 
|  62|0x000000070b200000, 0x000000070b400000, 0x000000070b400000|100%| O|  |TAMS 0x000000070b200000| PB 0x000000070b200000| Untracked 
|  63|0x000000070b400000, 0x000000070b600000, 0x000000070b600000|100%| O|  |TAMS 0x000000070b400000| PB 0x000000070b400000| Untracked 
|  64|0x000000070b600000, 0x000000070b79ec90, 0x000000070b800000| 81%| O|  |TAMS 0x000000070b600000| PB 0x000000070b600000| Untracked 
|  65|0x000000070b800000, 0x000000070ba00000, 0x000000070ba00000|100%|HS|  |TAMS 0x000000070b800000| PB 0x000000070b800000| Complete 
|  66|0x000000070ba00000, 0x000000070ba00000, 0x000000070bc00000|  0%| F|  |TAMS 0x000000070ba00000| PB 0x000000070ba00000| Untracked 
|  67|0x000000070bc00000, 0x000000070bc00000, 0x000000070be00000|  0%| F|  |TAMS 0x000000070bc00000| PB 0x000000070bc00000| Untracked 
|  68|0x000000070be00000, 0x000000070be00000, 0x000000070c000000|  0%| F|  |TAMS 0x000000070be00000| PB 0x000000070be00000| Untracked 
|  69|0x000000070c000000, 0x000000070c000000, 0x000000070c200000|  0%| F|  |TAMS 0x000000070c000000| PB 0x000000070c000000| Untracked 
|  70|0x000000070c200000, 0x000000070c200000, 0x000000070c400000|  0%| F|  |TAMS 0x000000070c200000| PB 0x000000070c200000| Untracked 
|  71|0x000000070c400000, 0x000000070c400000, 0x000000070c600000|  0%| F|  |TAMS 0x000000070c400000| PB 0x000000070c400000| Untracked 
|  72|0x000000070c600000, 0x000000070c600000, 0x000000070c800000|  0%| F|  |TAMS 0x000000070c600000| PB 0x000000070c600000| Untracked 
|  73|0x000000070c800000, 0x000000070c800000, 0x000000070ca00000|  0%| F|  |TAMS 0x000000070c800000| PB 0x000000070c800000| Untracked 
|  74|0x000000070ca00000, 0x000000070ca00000, 0x000000070cc00000|  0%| F|  |TAMS 0x000000070ca00000| PB 0x000000070ca00000| Untracked 
|  75|0x000000070cc00000, 0x000000070cc00000, 0x000000070ce00000|  0%| F|  |TAMS 0x000000070cc00000| PB 0x000000070cc00000| Untracked 
|  76|0x000000070ce00000, 0x000000070ce00000, 0x000000070d000000|  0%| F|  |TAMS 0x000000070ce00000| PB 0x000000070ce00000| Untracked 
|  77|0x000000070d000000, 0x000000070d000000, 0x000000070d200000|  0%| F|  |TAMS 0x000000070d000000| PB 0x000000070d000000| Untracked 
|  78|0x000000070d200000, 0x000000070d200000, 0x000000070d400000|  0%| F|  |TAMS 0x000000070d200000| PB 0x000000070d200000| Untracked 
|  79|0x000000070d400000, 0x000000070d400000, 0x000000070d600000|  0%| F|  |TAMS 0x000000070d400000| PB 0x000000070d400000| Untracked 
|  80|0x000000070d600000, 0x000000070d600000, 0x000000070d800000|  0%| F|  |TAMS 0x000000070d600000| PB 0x000000070d600000| Untracked 
|  81|0x000000070d800000, 0x000000070d800000, 0x000000070da00000|  0%| F|  |TAMS 0x000000070d800000| PB 0x000000070d800000| Untracked 
|  82|0x000000070da00000, 0x000000070da00000, 0x000000070dc00000|  0%| F|  |TAMS 0x000000070da00000| PB 0x000000070da00000| Untracked 
|  83|0x000000070dc00000, 0x000000070dc00000, 0x000000070de00000|  0%| F|  |TAMS 0x000000070dc00000| PB 0x000000070dc00000| Untracked 
|  84|0x000000070de00000, 0x000000070de00000, 0x000000070e000000|  0%| F|  |TAMS 0x000000070de00000| PB 0x000000070de00000| Untracked 
|  85|0x000000070e000000, 0x000000070e000000, 0x000000070e200000|  0%| F|  |TAMS 0x000000070e000000| PB 0x000000070e000000| Untracked 
|  86|0x000000070e200000, 0x000000070e200000, 0x000000070e400000|  0%| F|  |TAMS 0x000000070e200000| PB 0x000000070e200000| Untracked 
|  87|0x000000070e400000, 0x000000070e400000, 0x000000070e600000|  0%| F|  |TAMS 0x000000070e400000| PB 0x000000070e400000| Untracked 
|  88|0x000000070e600000, 0x000000070e600000, 0x000000070e800000|  0%| F|  |TAMS 0x000000070e600000| PB 0x000000070e600000| Untracked 
|  89|0x000000070e800000, 0x000000070e800000, 0x000000070ea00000|  0%| F|  |TAMS 0x000000070e800000| PB 0x000000070e800000| Untracked 
|  90|0x000000070ea00000, 0x000000070ea00000, 0x000000070ec00000|  0%| F|  |TAMS 0x000000070ea00000| PB 0x000000070ea00000| Untracked 
|  91|0x000000070ec00000, 0x000000070ec00000, 0x000000070ee00000|  0%| F|  |TAMS 0x000000070ec00000| PB 0x000000070ec00000| Untracked 
|  92|0x000000070ee00000, 0x000000070ee00000, 0x000000070f000000|  0%| F|  |TAMS 0x000000070ee00000| PB 0x000000070ee00000| Untracked 
|  93|0x000000070f000000, 0x000000070f000000, 0x000000070f200000|  0%| F|  |TAMS 0x000000070f000000| PB 0x000000070f000000| Untracked 
|  94|0x000000070f200000, 0x000000070f200000, 0x000000070f400000|  0%| F|  |TAMS 0x000000070f200000| PB 0x000000070f200000| Untracked 
|  95|0x000000070f400000, 0x000000070f400000, 0x000000070f600000|  0%| F|  |TAMS 0x000000070f400000| PB 0x000000070f400000| Untracked 
|  96|0x000000070f600000, 0x000000070f600000, 0x000000070f800000|  0%| F|  |TAMS 0x000000070f600000| PB 0x000000070f600000| Untracked 
|  97|0x000000070f800000, 0x000000070f800000, 0x000000070fa00000|  0%| F|  |TAMS 0x000000070f800000| PB 0x000000070f800000| Untracked 
|  98|0x000000070fa00000, 0x000000070fa00000, 0x000000070fc00000|  0%| F|  |TAMS 0x000000070fa00000| PB 0x000000070fa00000| Untracked 
|  99|0x000000070fc00000, 0x000000070fc00000, 0x000000070fe00000|  0%| F|  |TAMS 0x000000070fc00000| PB 0x000000070fc00000| Untracked 
| 100|0x000000070fe00000, 0x000000070fe00000, 0x0000000710000000|  0%| F|  |TAMS 0x000000070fe00000| PB 0x000000070fe00000| Untracked 
| 101|0x0000000710000000, 0x0000000710000000, 0x0000000710200000|  0%| F|  |TAMS 0x0000000710000000| PB 0x0000000710000000| Untracked 
| 102|0x0000000710200000, 0x0000000710200000, 0x0000000710400000|  0%| F|  |TAMS 0x0000000710200000| PB 0x0000000710200000| Untracked 
| 103|0x0000000710400000, 0x0000000710400000, 0x0000000710600000|  0%| F|  |TAMS 0x0000000710400000| PB 0x0000000710400000| Untracked 
| 104|0x0000000710600000, 0x0000000710600000, 0x0000000710800000|  0%| F|  |TAMS 0x0000000710600000| PB 0x0000000710600000| Untracked 
| 105|0x0000000710800000, 0x0000000710800000, 0x0000000710a00000|  0%| F|  |TAMS 0x0000000710800000| PB 0x0000000710800000| Untracked 
| 106|0x0000000710a00000, 0x0000000710a00000, 0x0000000710c00000|  0%| F|  |TAMS 0x0000000710a00000| PB 0x0000000710a00000| Untracked 
| 107|0x0000000710c00000, 0x0000000710c00000, 0x0000000710e00000|  0%| F|  |TAMS 0x0000000710c00000| PB 0x0000000710c00000| Untracked 
| 108|0x0000000710e00000, 0x0000000710e00000, 0x0000000711000000|  0%| F|  |TAMS 0x0000000710e00000| PB 0x0000000710e00000| Untracked 
| 109|0x0000000711000000, 0x0000000711000000, 0x0000000711200000|  0%| F|  |TAMS 0x0000000711000000| PB 0x0000000711000000| Untracked 
| 110|0x0000000711200000, 0x0000000711200000, 0x0000000711400000|  0%| F|  |TAMS 0x0000000711200000| PB 0x0000000711200000| Untracked 
| 111|0x0000000711400000, 0x0000000711400000, 0x0000000711600000|  0%| F|  |TAMS 0x0000000711400000| PB 0x0000000711400000| Untracked 
| 112|0x0000000711600000, 0x0000000711600000, 0x0000000711800000|  0%| F|  |TAMS 0x0000000711600000| PB 0x0000000711600000| Untracked 
| 113|0x0000000711800000, 0x0000000711800000, 0x0000000711a00000|  0%| F|  |TAMS 0x0000000711800000| PB 0x0000000711800000| Untracked 
| 114|0x0000000711a00000, 0x0000000711a00000, 0x0000000711c00000|  0%| F|  |TAMS 0x0000000711a00000| PB 0x0000000711a00000| Untracked 
| 115|0x0000000711c00000, 0x0000000711c00000, 0x0000000711e00000|  0%| F|  |TAMS 0x0000000711c00000| PB 0x0000000711c00000| Untracked 
| 116|0x0000000711e00000, 0x0000000711e00000, 0x0000000712000000|  0%| F|  |TAMS 0x0000000711e00000| PB 0x0000000711e00000| Untracked 
| 117|0x0000000712000000, 0x0000000712000000, 0x0000000712200000|  0%| F|  |TAMS 0x0000000712000000| PB 0x0000000712000000| Untracked 
| 118|0x0000000712200000, 0x0000000712200000, 0x0000000712400000|  0%| F|  |TAMS 0x0000000712200000| PB 0x0000000712200000| Untracked 
| 119|0x0000000712400000, 0x0000000712400000, 0x0000000712600000|  0%| F|  |TAMS 0x0000000712400000| PB 0x0000000712400000| Untracked 
| 120|0x0000000712600000, 0x0000000712600000, 0x0000000712800000|  0%| F|  |TAMS 0x0000000712600000| PB 0x0000000712600000| Untracked 
| 121|0x0000000712800000, 0x0000000712800000, 0x0000000712a00000|  0%| F|  |TAMS 0x0000000712800000| PB 0x0000000712800000| Untracked 
| 122|0x0000000712a00000, 0x0000000712a00000, 0x0000000712c00000|  0%| F|  |TAMS 0x0000000712a00000| PB 0x0000000712a00000| Untracked 
| 123|0x0000000712c00000, 0x0000000712c00000, 0x0000000712e00000|  0%| F|  |TAMS 0x0000000712c00000| PB 0x0000000712c00000| Untracked 
| 124|0x0000000712e00000, 0x0000000712e00000, 0x0000000713000000|  0%| F|  |TAMS 0x0000000712e00000| PB 0x0000000712e00000| Untracked 
| 125|0x0000000713000000, 0x0000000713000000, 0x0000000713200000|  0%| F|  |TAMS 0x0000000713000000| PB 0x0000000713000000| Untracked 
| 126|0x0000000713200000, 0x0000000713200000, 0x0000000713400000|  0%| F|  |TAMS 0x0000000713200000| PB 0x0000000713200000| Untracked 
| 127|0x0000000713400000, 0x0000000713400000, 0x0000000713600000|  0%| F|  |TAMS 0x0000000713400000| PB 0x0000000713400000| Untracked 
| 128|0x0000000713600000, 0x0000000713600000, 0x0000000713800000|  0%| F|  |TAMS 0x0000000713600000| PB 0x0000000713600000| Untracked 
| 129|0x0000000713800000, 0x0000000713800000, 0x0000000713a00000|  0%| F|  |TAMS 0x0000000713800000| PB 0x0000000713800000| Untracked 
| 130|0x0000000713a00000, 0x0000000713a00000, 0x0000000713c00000|  0%| F|  |TAMS 0x0000000713a00000| PB 0x0000000713a00000| Untracked 
| 131|0x0000000713c00000, 0x0000000713c00000, 0x0000000713e00000|  0%| F|  |TAMS 0x0000000713c00000| PB 0x0000000713c00000| Untracked 
| 132|0x0000000713e00000, 0x0000000713e00000, 0x0000000714000000|  0%| F|  |TAMS 0x0000000713e00000| PB 0x0000000713e00000| Untracked 
| 133|0x0000000714000000, 0x0000000714000000, 0x0000000714200000|  0%| F|  |TAMS 0x0000000714000000| PB 0x0000000714000000| Untracked 
| 134|0x0000000714200000, 0x0000000714200000, 0x0000000714400000|  0%| F|  |TAMS 0x0000000714200000| PB 0x0000000714200000| Untracked 
| 135|0x0000000714400000, 0x0000000714400000, 0x0000000714600000|  0%| F|  |TAMS 0x0000000714400000| PB 0x0000000714400000| Untracked 
| 136|0x0000000714600000, 0x0000000714600000, 0x0000000714800000|  0%| F|  |TAMS 0x0000000714600000| PB 0x0000000714600000| Untracked 
| 137|0x0000000714800000, 0x0000000714800000, 0x0000000714a00000|  0%| F|  |TAMS 0x0000000714800000| PB 0x0000000714800000| Untracked 
| 138|0x0000000714a00000, 0x0000000714a00000, 0x0000000714c00000|  0%| F|  |TAMS 0x0000000714a00000| PB 0x0000000714a00000| Untracked 
| 139|0x0000000714c00000, 0x0000000714c00000, 0x0000000714e00000|  0%| F|  |TAMS 0x0000000714c00000| PB 0x0000000714c00000| Untracked 
| 140|0x0000000714e00000, 0x0000000714e00000, 0x0000000715000000|  0%| F|  |TAMS 0x0000000714e00000| PB 0x0000000714e00000| Untracked 
| 141|0x0000000715000000, 0x0000000715000000, 0x0000000715200000|  0%| F|  |TAMS 0x0000000715000000| PB 0x0000000715000000| Untracked 
| 142|0x0000000715200000, 0x0000000715200000, 0x0000000715400000|  0%| F|  |TAMS 0x0000000715200000| PB 0x0000000715200000| Untracked 
| 143|0x0000000715400000, 0x0000000715400000, 0x0000000715600000|  0%| F|  |TAMS 0x0000000715400000| PB 0x0000000715400000| Untracked 
| 144|0x0000000715600000, 0x0000000715600000, 0x0000000715800000|  0%| F|  |TAMS 0x0000000715600000| PB 0x0000000715600000| Untracked 
| 145|0x0000000715800000, 0x0000000715800000, 0x0000000715a00000|  0%| F|  |TAMS 0x0000000715800000| PB 0x0000000715800000| Untracked 
| 146|0x0000000715a00000, 0x0000000715a00000, 0x0000000715c00000|  0%| F|  |TAMS 0x0000000715a00000| PB 0x0000000715a00000| Untracked 
| 147|0x0000000715c00000, 0x0000000715e00000, 0x0000000715e00000|100%| E|  |TAMS 0x0000000715c00000| PB 0x0000000715c00000| Complete 
| 148|0x0000000715e00000, 0x0000000716000000, 0x0000000716000000|100%| E|CS|TAMS 0x0000000715e00000| PB 0x0000000715e00000| Complete 
| 149|0x0000000716000000, 0x0000000716200000, 0x0000000716200000|100%| E|CS|TAMS 0x0000000716000000| PB 0x0000000716000000| Complete 
| 150|0x0000000716200000, 0x0000000716400000, 0x0000000716400000|100%| E|CS|TAMS 0x0000000716200000| PB 0x0000000716200000| Complete 
| 151|0x0000000716400000, 0x0000000716600000, 0x0000000716600000|100%| E|CS|TAMS 0x0000000716400000| PB 0x0000000716400000| Complete 
| 152|0x0000000716600000, 0x0000000716800000, 0x0000000716800000|100%| E|CS|TAMS 0x0000000716600000| PB 0x0000000716600000| Complete 
| 153|0x0000000716800000, 0x0000000716a00000, 0x0000000716a00000|100%| E|CS|TAMS 0x0000000716800000| PB 0x0000000716800000| Complete 
| 154|0x0000000716a00000, 0x0000000716c00000, 0x0000000716c00000|100%| E|CS|TAMS 0x0000000716a00000| PB 0x0000000716a00000| Complete 
| 155|0x0000000716c00000, 0x0000000716e00000, 0x0000000716e00000|100%| E|CS|TAMS 0x0000000716c00000| PB 0x0000000716c00000| Complete 
| 156|0x0000000716e00000, 0x0000000717000000, 0x0000000717000000|100%| E|CS|TAMS 0x0000000716e00000| PB 0x0000000716e00000| Complete 
| 157|0x0000000717000000, 0x0000000717200000, 0x0000000717200000|100%| E|CS|TAMS 0x0000000717000000| PB 0x0000000717000000| Complete 
| 158|0x0000000717200000, 0x0000000717400000, 0x0000000717400000|100%| E|CS|TAMS 0x0000000717200000| PB 0x0000000717200000| Complete 
| 159|0x0000000717400000, 0x0000000717600000, 0x0000000717600000|100%| E|CS|TAMS 0x0000000717400000| PB 0x0000000717400000| Complete 
| 160|0x0000000717600000, 0x0000000717800000, 0x0000000717800000|100%| E|CS|TAMS 0x0000000717600000| PB 0x0000000717600000| Complete 
| 161|0x0000000717800000, 0x0000000717a00000, 0x0000000717a00000|100%| E|CS|TAMS 0x0000000717800000| PB 0x0000000717800000| Complete 
| 162|0x0000000717a00000, 0x0000000717c00000, 0x0000000717c00000|100%| E|CS|TAMS 0x0000000717a00000| PB 0x0000000717a00000| Complete 
| 163|0x0000000717c00000, 0x0000000717c78920, 0x0000000717e00000| 23%| S|CS|TAMS 0x0000000717c00000| PB 0x0000000717c00000| Complete 
| 164|0x0000000717e00000, 0x0000000718000000, 0x0000000718000000|100%| S|CS|TAMS 0x0000000717e00000| PB 0x0000000717e00000| Complete 
| 165|0x0000000718000000, 0x0000000718200000, 0x0000000718200000|100%| S|CS|TAMS 0x0000000718000000| PB 0x0000000718000000| Complete 
| 166|0x0000000718200000, 0x0000000718400000, 0x0000000718400000|100%| S|CS|TAMS 0x0000000718200000| PB 0x0000000718200000| Complete 
| 167|0x0000000718400000, 0x0000000718600000, 0x0000000718600000|100%| S|CS|TAMS 0x0000000718400000| PB 0x0000000718400000| Complete 
| 168|0x0000000718600000, 0x0000000718800000, 0x0000000718800000|100%| S|CS|TAMS 0x0000000718600000| PB 0x0000000718600000| Complete 
| 169|0x0000000718800000, 0x0000000718a00000, 0x0000000718a00000|100%| S|CS|TAMS 0x0000000718800000| PB 0x0000000718800000| Complete 
| 170|0x0000000718a00000, 0x0000000718c00000, 0x0000000718c00000|100%| S|CS|TAMS 0x0000000718a00000| PB 0x0000000718a00000| Complete 
| 171|0x0000000718c00000, 0x0000000718e00000, 0x0000000718e00000|100%| S|CS|TAMS 0x0000000718c00000| PB 0x0000000718c00000| Complete 
| 172|0x0000000718e00000, 0x0000000719000000, 0x0000000719000000|100%| S|CS|TAMS 0x0000000718e00000| PB 0x0000000718e00000| Complete 
| 173|0x0000000719000000, 0x0000000719200000, 0x0000000719200000|100%| E|CS|TAMS 0x0000000719000000| PB 0x0000000719000000| Complete 
| 174|0x0000000719200000, 0x0000000719400000, 0x0000000719400000|100%| E|CS|TAMS 0x0000000719200000| PB 0x0000000719200000| Complete 
| 175|0x0000000719400000, 0x0000000719600000, 0x0000000719600000|100%| E|CS|TAMS 0x0000000719400000| PB 0x0000000719400000| Complete 
| 176|0x0000000719600000, 0x0000000719800000, 0x0000000719800000|100%| E|CS|TAMS 0x0000000719600000| PB 0x0000000719600000| Complete 
| 177|0x0000000719800000, 0x0000000719a00000, 0x0000000719a00000|100%| E|CS|TAMS 0x0000000719800000| PB 0x0000000719800000| Complete 
| 178|0x0000000719a00000, 0x0000000719c00000, 0x0000000719c00000|100%| E|CS|TAMS 0x0000000719a00000| PB 0x0000000719a00000| Complete 
| 179|0x0000000719c00000, 0x0000000719e00000, 0x0000000719e00000|100%| E|CS|TAMS 0x0000000719c00000| PB 0x0000000719c00000| Complete 
| 180|0x0000000719e00000, 0x000000071a000000, 0x000000071a000000|100%| E|CS|TAMS 0x0000000719e00000| PB 0x0000000719e00000| Complete 
| 181|0x000000071a000000, 0x000000071a200000, 0x000000071a200000|100%| E|CS|TAMS 0x000000071a000000| PB 0x000000071a000000| Complete 
| 182|0x000000071a200000, 0x000000071a400000, 0x000000071a400000|100%| E|CS|TAMS 0x000000071a200000| PB 0x000000071a200000| Complete 
| 183|0x000000071a400000, 0x000000071a600000, 0x000000071a600000|100%| E|CS|TAMS 0x000000071a400000| PB 0x000000071a400000| Complete 
| 184|0x000000071a600000, 0x000000071a800000, 0x000000071a800000|100%| E|CS|TAMS 0x000000071a600000| PB 0x000000071a600000| Complete 
| 185|0x000000071a800000, 0x000000071aa00000, 0x000000071aa00000|100%| E|CS|TAMS 0x000000071a800000| PB 0x000000071a800000| Complete 
| 186|0x000000071aa00000, 0x000000071ac00000, 0x000000071ac00000|100%| E|CS|TAMS 0x000000071aa00000| PB 0x000000071aa00000| Complete 
| 187|0x000000071ac00000, 0x000000071ae00000, 0x000000071ae00000|100%| E|CS|TAMS 0x000000071ac00000| PB 0x000000071ac00000| Complete 
| 188|0x000000071ae00000, 0x000000071b000000, 0x000000071b000000|100%| E|CS|TAMS 0x000000071ae00000| PB 0x000000071ae00000| Complete 
| 189|0x000000071b000000, 0x000000071b200000, 0x000000071b200000|100%| E|CS|TAMS 0x000000071b000000| PB 0x000000071b000000| Complete 
| 190|0x000000071b200000, 0x000000071b400000, 0x000000071b400000|100%| E|CS|TAMS 0x000000071b200000| PB 0x000000071b200000| Complete 
| 191|0x000000071b400000, 0x000000071b600000, 0x000000071b600000|100%| E|CS|TAMS 0x000000071b400000| PB 0x000000071b400000| Complete 
| 192|0x000000071b600000, 0x000000071b800000, 0x000000071b800000|100%| E|CS|TAMS 0x000000071b600000| PB 0x000000071b600000| Complete 
| 193|0x000000071b800000, 0x000000071ba00000, 0x000000071ba00000|100%| E|CS|TAMS 0x000000071b800000| PB 0x000000071b800000| Complete 
| 194|0x000000071ba00000, 0x000000071bc00000, 0x000000071bc00000|100%| E|CS|TAMS 0x000000071ba00000| PB 0x000000071ba00000| Complete 
| 195|0x000000071bc00000, 0x000000071be00000, 0x000000071be00000|100%| E|CS|TAMS 0x000000071bc00000| PB 0x000000071bc00000| Complete 
| 196|0x000000071be00000, 0x000000071c000000, 0x000000071c000000|100%| E|CS|TAMS 0x000000071be00000| PB 0x000000071be00000| Complete 
| 197|0x000000071c000000, 0x000000071c200000, 0x000000071c200000|100%| E|CS|TAMS 0x000000071c000000| PB 0x000000071c000000| Complete 
| 198|0x000000071c200000, 0x000000071c400000, 0x000000071c400000|100%| E|CS|TAMS 0x000000071c200000| PB 0x000000071c200000| Complete 
| 199|0x000000071c400000, 0x000000071c600000, 0x000000071c600000|100%| E|CS|TAMS 0x000000071c400000| PB 0x000000071c400000| Complete 
| 200|0x000000071c600000, 0x000000071c800000, 0x000000071c800000|100%| E|CS|TAMS 0x000000071c600000| PB 0x000000071c600000| Complete 
| 201|0x000000071c800000, 0x000000071ca00000, 0x000000071ca00000|100%| E|CS|TAMS 0x000000071c800000| PB 0x000000071c800000| Complete 
| 202|0x000000071ca00000, 0x000000071cc00000, 0x000000071cc00000|100%| E|CS|TAMS 0x000000071ca00000| PB 0x000000071ca00000| Complete 
| 203|0x000000071cc00000, 0x000000071ce00000, 0x000000071ce00000|100%| E|CS|TAMS 0x000000071cc00000| PB 0x000000071cc00000| Complete 
| 204|0x000000071ce00000, 0x000000071d000000, 0x000000071d000000|100%| E|CS|TAMS 0x000000071ce00000| PB 0x000000071ce00000| Complete 
| 205|0x000000071d000000, 0x000000071d200000, 0x000000071d200000|100%| E|CS|TAMS 0x000000071d000000| PB 0x000000071d000000| Complete 
| 206|0x000000071d200000, 0x000000071d400000, 0x000000071d400000|100%| E|CS|TAMS 0x000000071d200000| PB 0x000000071d200000| Complete 
| 207|0x000000071d400000, 0x000000071d600000, 0x000000071d600000|100%| E|CS|TAMS 0x000000071d400000| PB 0x000000071d400000| Complete 
| 208|0x000000071d600000, 0x000000071d800000, 0x000000071d800000|100%| E|CS|TAMS 0x000000071d600000| PB 0x000000071d600000| Complete 
| 209|0x000000071d800000, 0x000000071da00000, 0x000000071da00000|100%| E|CS|TAMS 0x000000071d800000| PB 0x000000071d800000| Complete 
| 210|0x000000071da00000, 0x000000071dc00000, 0x000000071dc00000|100%| E|CS|TAMS 0x000000071da00000| PB 0x000000071da00000| Complete 
| 211|0x000000071dc00000, 0x000000071de00000, 0x000000071de00000|100%| E|CS|TAMS 0x000000071dc00000| PB 0x000000071dc00000| Complete 
| 212|0x000000071de00000, 0x000000071e000000, 0x000000071e000000|100%| E|CS|TAMS 0x000000071de00000| PB 0x000000071de00000| Complete 
| 213|0x000000071e000000, 0x000000071e200000, 0x000000071e200000|100%| E|CS|TAMS 0x000000071e000000| PB 0x000000071e000000| Complete 
| 214|0x000000071e200000, 0x000000071e400000, 0x000000071e400000|100%| E|CS|TAMS 0x000000071e200000| PB 0x000000071e200000| Complete 
| 215|0x000000071e400000, 0x000000071e600000, 0x000000071e600000|100%| E|CS|TAMS 0x000000071e400000| PB 0x000000071e400000| Complete 
| 216|0x000000071e600000, 0x000000071e800000, 0x000000071e800000|100%| E|CS|TAMS 0x000000071e600000| PB 0x000000071e600000| Complete 
| 217|0x000000071e800000, 0x000000071ea00000, 0x000000071ea00000|100%| E|CS|TAMS 0x000000071e800000| PB 0x000000071e800000| Complete 
| 218|0x000000071ea00000, 0x000000071ec00000, 0x000000071ec00000|100%| E|CS|TAMS 0x000000071ea00000| PB 0x000000071ea00000| Complete 
| 219|0x000000071ec00000, 0x000000071ee00000, 0x000000071ee00000|100%| E|CS|TAMS 0x000000071ec00000| PB 0x000000071ec00000| Complete 
| 220|0x000000071ee00000, 0x000000071f000000, 0x000000071f000000|100%| E|CS|TAMS 0x000000071ee00000| PB 0x000000071ee00000| Complete 
| 221|0x000000071f000000, 0x000000071f200000, 0x000000071f200000|100%| E|CS|TAMS 0x000000071f000000| PB 0x000000071f000000| Complete 
| 222|0x000000071f200000, 0x000000071f400000, 0x000000071f400000|100%| E|CS|TAMS 0x000000071f200000| PB 0x000000071f200000| Complete 
| 223|0x000000071f400000, 0x000000071f600000, 0x000000071f600000|100%| E|CS|TAMS 0x000000071f400000| PB 0x000000071f400000| Complete 
| 224|0x000000071f600000, 0x000000071f800000, 0x000000071f800000|100%| E|CS|TAMS 0x000000071f600000| PB 0x000000071f600000| Complete 
| 225|0x000000071f800000, 0x000000071fa00000, 0x000000071fa00000|100%| E|CS|TAMS 0x000000071f800000| PB 0x000000071f800000| Complete 
| 226|0x000000071fa00000, 0x000000071fc00000, 0x000000071fc00000|100%| E|CS|TAMS 0x000000071fa00000| PB 0x000000071fa00000| Complete 
| 227|0x000000071fc00000, 0x000000071fe00000, 0x000000071fe00000|100%| E|CS|TAMS 0x000000071fc00000| PB 0x000000071fc00000| Complete 
| 228|0x000000071fe00000, 0x0000000720000000, 0x0000000720000000|100%| E|CS|TAMS 0x000000071fe00000| PB 0x000000071fe00000| Complete 
| 229|0x0000000720000000, 0x0000000720200000, 0x0000000720200000|100%| E|CS|TAMS 0x0000000720000000| PB 0x0000000720000000| Complete 
| 230|0x0000000720200000, 0x0000000720400000, 0x0000000720400000|100%| E|CS|TAMS 0x0000000720200000| PB 0x0000000720200000| Complete 
| 231|0x0000000720400000, 0x0000000720600000, 0x0000000720600000|100%| E|CS|TAMS 0x0000000720400000| PB 0x0000000720400000| Complete 
| 232|0x0000000720600000, 0x0000000720800000, 0x0000000720800000|100%| E|CS|TAMS 0x0000000720600000| PB 0x0000000720600000| Complete 
| 233|0x0000000720800000, 0x0000000720a00000, 0x0000000720a00000|100%| E|CS|TAMS 0x0000000720800000| PB 0x0000000720800000| Complete 
| 234|0x0000000720a00000, 0x0000000720c00000, 0x0000000720c00000|100%| E|CS|TAMS 0x0000000720a00000| PB 0x0000000720a00000| Complete 
| 235|0x0000000720c00000, 0x0000000720e00000, 0x0000000720e00000|100%| E|CS|TAMS 0x0000000720c00000| PB 0x0000000720c00000| Complete 
| 236|0x0000000720e00000, 0x0000000721000000, 0x0000000721000000|100%| E|CS|TAMS 0x0000000720e00000| PB 0x0000000720e00000| Complete 
| 237|0x0000000721000000, 0x0000000721200000, 0x0000000721200000|100%| E|CS|TAMS 0x0000000721000000| PB 0x0000000721000000| Complete 
| 238|0x0000000721200000, 0x0000000721400000, 0x0000000721400000|100%| E|CS|TAMS 0x0000000721200000| PB 0x0000000721200000| Complete 
| 239|0x0000000721400000, 0x0000000721600000, 0x0000000721600000|100%| E|CS|TAMS 0x0000000721400000| PB 0x0000000721400000| Complete 
| 240|0x0000000721600000, 0x0000000721800000, 0x0000000721800000|100%| E|CS|TAMS 0x0000000721600000| PB 0x0000000721600000| Complete 
| 241|0x0000000721800000, 0x0000000721a00000, 0x0000000721a00000|100%| E|CS|TAMS 0x0000000721800000| PB 0x0000000721800000| Complete 
| 242|0x0000000721a00000, 0x0000000721c00000, 0x0000000721c00000|100%| E|CS|TAMS 0x0000000721a00000| PB 0x0000000721a00000| Complete 
| 243|0x0000000721c00000, 0x0000000721e00000, 0x0000000721e00000|100%| E|CS|TAMS 0x0000000721c00000| PB 0x0000000721c00000| Complete 
| 244|0x0000000721e00000, 0x0000000722000000, 0x0000000722000000|100%| E|CS|TAMS 0x0000000721e00000| PB 0x0000000721e00000| Complete 
| 245|0x0000000722000000, 0x0000000722200000, 0x0000000722200000|100%| E|CS|TAMS 0x0000000722000000| PB 0x0000000722000000| Complete 
| 246|0x0000000722200000, 0x0000000722400000, 0x0000000722400000|100%| E|CS|TAMS 0x0000000722200000| PB 0x0000000722200000| Complete 
| 247|0x0000000722400000, 0x0000000722600000, 0x0000000722600000|100%| E|CS|TAMS 0x0000000722400000| PB 0x0000000722400000| Complete 
| 248|0x0000000722600000, 0x0000000722800000, 0x0000000722800000|100%| E|CS|TAMS 0x0000000722600000| PB 0x0000000722600000| Complete 
| 249|0x0000000722800000, 0x0000000722a00000, 0x0000000722a00000|100%| E|CS|TAMS 0x0000000722800000| PB 0x0000000722800000| Complete 
| 250|0x0000000722a00000, 0x0000000722c00000, 0x0000000722c00000|100%| E|CS|TAMS 0x0000000722a00000| PB 0x0000000722a00000| Complete 
| 251|0x0000000722c00000, 0x0000000722e00000, 0x0000000722e00000|100%| E|CS|TAMS 0x0000000722c00000| PB 0x0000000722c00000| Complete 
| 252|0x0000000722e00000, 0x0000000723000000, 0x0000000723000000|100%| E|CS|TAMS 0x0000000722e00000| PB 0x0000000722e00000| Complete 
| 253|0x0000000723000000, 0x0000000723200000, 0x0000000723200000|100%| E|CS|TAMS 0x0000000723000000| PB 0x0000000723000000| Complete 
| 254|0x0000000723200000, 0x0000000723400000, 0x0000000723400000|100%| E|CS|TAMS 0x0000000723200000| PB 0x0000000723200000| Complete 
| 255|0x0000000723400000, 0x0000000723600000, 0x0000000723600000|100%| E|CS|TAMS 0x0000000723400000| PB 0x0000000723400000| Complete 
|2019|0x00000007ffc00000, 0x00000007ffe00000, 0x00000007ffe00000|100%| E|CS|TAMS 0x00000007ffc00000| PB 0x00000007ffc00000| Complete 
|2020|0x00000007ffe00000, 0x0000000800000000, 0x0000000800000000|100%| E|CS|TAMS 0x00000007ffe00000| PB 0x00000007ffe00000| Complete 

Card table byte_map: [0x000002c44ad70000,0x000002c44b560000] _byte_map_base: 0x000002c447555000

Marking Bits: (CMBitMap*) 0x000002c432c09290
 Bits: [0x000002c44b560000, 0x000002c44f488000)

Polling page: 0x000002c430890000

Metaspace:

Usage:
  Non-class:     65.99 MB used.
      Class:     10.43 MB used.
       Both:     76.42 MB used.

Virtual space:
  Non-class space:      128.00 MB reserved,      66.44 MB ( 52%) committed,  2 nodes.
      Class space:        1.00 GB reserved,      10.75 MB (  1%) committed,  1 nodes.
             Both:        1.12 GB reserved,      77.19 MB (  7%) committed. 

Chunk freelists:
   Non-Class:  12.95 MB
       Class:  5.19 MB
        Both:  18.14 MB

MaxMetaspaceSize: unlimited
CompressedClassSpaceSize: 1.00 GB
Initial GC threshold: 21.00 MB
Current GC threshold: 120.62 MB
CDS: on
 - commit_granule_bytes: 65536.
 - commit_granule_words: 8192.
 - virtual_space_node_default_size: 8388608.
 - enlarge_chunks_in_place: 1.
 - use_allocation_guard: 0.


Internal statistics:

num_allocs_failed_limit: 9.
num_arena_births: 1154.
num_arena_deaths: 0.
num_vsnodes_births: 3.
num_vsnodes_deaths: 0.
num_space_committed: 1235.
num_space_uncommitted: 0.
num_chunks_returned_to_freelist: 9.
num_chunks_taken_from_freelist: 3962.
num_chunk_merges: 9.
num_chunk_splits: 2861.
num_chunks_enlarged: 2226.
num_inconsistent_stats: 0.

CodeHeap 'non-profiled nmethods': size=120000Kb used=5135Kb max_used=5135Kb free=114864Kb
 bounds [0x000002c442b00000, 0x000002c443010000, 0x000002c44a030000]
CodeHeap 'profiled nmethods': size=120000Kb used=13533Kb max_used=13533Kb free=106466Kb
 bounds [0x000002c43b030000, 0x000002c43bd70000, 0x000002c442560000]
CodeHeap 'non-nmethods': size=5760Kb used=1914Kb max_used=1967Kb free=3845Kb
 bounds [0x000002c442560000, 0x000002c4427d0000, 0x000002c442b00000]
 total_blobs=8081 nmethods=7352 adapters=632
 compilation: enabled
              stopped_count=0, restarted_count=0
 full_count=0

Compilation events (20 events):
Event: 14.922 Thread 0x000002c4518b7b70 8706       3       org.springframework.scheduling.annotation.ScheduledAnnotationBeanPostProcessor::postProcessAfterInitialization (251 bytes)
Event: 14.923 Thread 0x000002c4518b7b70 nmethod 8706 0x000002c43bd62f90 code [0x000002c43bd633c0, 0x000002c43bd65470]
Event: 14.923 Thread 0x000002c4518b7b70 8707       1       org.springframework.beans.factory.config.DependencyDescriptor::isEager (5 bytes)
Event: 14.923 Thread 0x000002c4518b7b70 nmethod 8707 0x000002c442f1f390 code [0x000002c442f1f520, 0x000002c442f1f5f0]
Event: 14.928 Thread 0x000002c4518b7b70 8708       3       java.lang.reflect.Method::acquireMethodAccessor (55 bytes)
Event: 14.928 Thread 0x000002c4518b7b70 nmethod 8708 0x000002c43bd65c90 code [0x000002c43bd65ea0, 0x000002c43bd66458]
Event: 14.929 Thread 0x000002c4518b7b70 8710       3       org.springframework.boot.context.properties.source.SpringIterableConfigurationPropertySource::ancestorOfCheck (57 bytes)
Event: 14.930 Thread 0x000002c4518b7b70 nmethod 8710 0x000002c43bd66610 code [0x000002c43bd667e0, 0x000002c43bd66b80]
Event: 14.931 Thread 0x000002c49cb03aa0 nmethod 8684 0x000002c442d8f890 code [0x000002c442d8fc80, 0x000002c442d911b8]
Event: 14.931 Thread 0x000002c4518b7b70 8711   !   3       org.springframework.boot.context.properties.bind.Binder::bind (162 bytes)
Event: 14.931 Thread 0x000002c49cb03aa0 8709       4       org.springframework.core.ResolvableType::as (86 bytes)
Event: 14.931 Thread 0x000002c4518b7b70 nmethod 8711 0x000002c43bd66d10 code [0x000002c43bd66f80, 0x000002c43bd679e8]
Event: 14.931 Thread 0x000002c4518b7b70 8713       3       org.springframework.boot.context.properties.source.ConfigurationPropertyName::convertElement (87 bytes)
Event: 14.932 Thread 0x000002c4518b7b70 nmethod 8713 0x000002c43bd67e90 code [0x000002c43bd68100, 0x000002c43bd68ad8]
Event: 14.932 Thread 0x000002c4518b7b70 8712       3       org.springframework.boot.context.properties.source.ConfigurationPropertySourcesCaching::override (26 bytes)
Event: 14.932 Thread 0x000002c4518b7b70 nmethod 8712 0x000002c43bd68e10 code [0x000002c43bd69060, 0x000002c43bd69ad8]
Event: 14.932 Thread 0x000002c4518b7b70 8714       3       org.springframework.core.MethodParameter::adaptAnnotationArray (2 bytes)
Event: 14.933 Thread 0x000002c4518b7b70 nmethod 8714 0x000002c43bd69e90 code [0x000002c43bd6a020, 0x000002c43bd6a130]
Event: 14.934 Thread 0x000002c4518b7b70 8715       3       org.springframework.beans.factory.annotation.InitDestroyAnnotationBeanPostProcessor$$Lambda/0x000002c45441ea40::<init> (26 bytes)
Event: 14.934 Thread 0x000002c4518b7b70 nmethod 8715 0x000002c43bd6a210 code [0x000002c43bd6a3c0, 0x000002c43bd6a6b8]

GC Heap History (20 events):
Event: 11.977 GC heap before
{Heap before GC invocations=24 (full 0):
 garbage-first heap   total 112640K, used 94363K [0x0000000703600000, 0x0000000800000000)
  region size 2048K, 15 young (30720K), 2 survivors (4096K)
 Metaspace       used 73417K, committed 74112K, reserved 1114112K
  class space    used 10060K, committed 10368K, reserved 1048576K
}
Event: 11.979 GC heap after
{Heap after GC invocations=25 (full 0):
 garbage-first heap   total 112640K, used 70030K [0x0000000703600000, 0x0000000800000000)
  region size 2048K, 2 young (4096K), 2 survivors (4096K)
 Metaspace       used 73417K, committed 74112K, reserved 1114112K
  class space    used 10060K, committed 10368K, reserved 1048576K
}
Event: 12.079 GC heap before
{Heap before GC invocations=26 (full 0):
 garbage-first heap   total 120832K, used 90510K [0x0000000703600000, 0x0000000800000000)
  region size 2048K, 15 young (30720K), 2 survivors (4096K)
 Metaspace       used 73434K, committed 74112K, reserved 1114112K
  class space    used 10060K, committed 10368K, reserved 1048576K
}
Event: 12.085 GC heap after
{Heap after GC invocations=27 (full 0):
 garbage-first heap   total 120832K, used 73481K [0x0000000703600000, 0x0000000800000000)
  region size 2048K, 2 young (4096K), 2 survivors (4096K)
 Metaspace       used 73434K, committed 74112K, reserved 1114112K
  class space    used 10060K, committed 10368K, reserved 1048576K
}
Event: 12.144 GC heap before
{Heap before GC invocations=27 (full 0):
 garbage-first heap   total 120832K, used 100105K [0x0000000703600000, 0x0000000800000000)
  region size 2048K, 15 young (30720K), 2 survivors (4096K)
 Metaspace       used 73439K, committed 74112K, reserved 1114112K
  class space    used 10060K, committed 10368K, reserved 1048576K
}
Event: 12.148 GC heap after
{Heap after GC invocations=28 (full 0):
 garbage-first heap   total 120832K, used 66807K [0x0000000703600000, 0x0000000800000000)
  region size 2048K, 2 young (4096K), 2 survivors (4096K)
 Metaspace       used 73439K, committed 74112K, reserved 1114112K
  class space    used 10060K, committed 10368K, reserved 1048576K
}
Event: 12.200 GC heap before
{Heap before GC invocations=28 (full 0):
 garbage-first heap   total 120832K, used 97527K [0x0000000703600000, 0x0000000800000000)
  region size 2048K, 17 young (34816K), 2 survivors (4096K)
 Metaspace       used 73447K, committed 74112K, reserved 1114112K
  class space    used 10060K, committed 10368K, reserved 1048576K
}
Event: 12.206 GC heap after
{Heap after GC invocations=29 (full 0):
 garbage-first heap   total 202752K, used 76712K [0x0000000703600000, 0x0000000800000000)
  region size 2048K, 3 young (6144K), 3 survivors (6144K)
 Metaspace       used 73447K, committed 74112K, reserved 1114112K
  class space    used 10060K, committed 10368K, reserved 1048576K
}
Event: 12.424 GC heap before
{Heap before GC invocations=29 (full 0):
 garbage-first heap   total 202752K, used 146344K [0x0000000703600000, 0x0000000800000000)
  region size 2048K, 37 young (75776K), 3 survivors (6144K)
 Metaspace       used 73456K, committed 74176K, reserved 1114112K
  class space    used 10060K, committed 10368K, reserved 1048576K
}
Event: 12.436 GC heap after
{Heap after GC invocations=30 (full 0):
 garbage-first heap   total 202752K, used 99109K [0x0000000703600000, 0x0000000800000000)
  region size 2048K, 5 young (10240K), 5 survivors (10240K)
 Metaspace       used 73456K, committed 74176K, reserved 1114112K
  class space    used 10060K, committed 10368K, reserved 1048576K
}
Event: 12.614 GC heap before
{Heap before GC invocations=31 (full 0):
 garbage-first heap   total 202752K, used 154405K [0x0000000703600000, 0x0000000800000000)
  region size 2048K, 34 young (69632K), 5 survivors (10240K)
 Metaspace       used 73456K, committed 74176K, reserved 1114112K
  class space    used 10060K, committed 10368K, reserved 1048576K
}
Event: 12.627 GC heap after
{Heap after GC invocations=32 (full 0):
 garbage-first heap   total 202752K, used 117092K [0x0000000703600000, 0x0000000800000000)
  region size 2048K, 5 young (10240K), 5 survivors (10240K)
 Metaspace       used 73456K, committed 74176K, reserved 1114112K
  class space    used 10060K, committed 10368K, reserved 1048576K
}
Event: 12.691 GC heap before
{Heap before GC invocations=32 (full 0):
 garbage-first heap   total 202752K, used 160100K [0x0000000703600000, 0x0000000800000000)
  region size 2048K, 26 young (53248K), 5 survivors (10240K)
 Metaspace       used 73466K, committed 74176K, reserved 1114112K
  class space    used 10060K, committed 10368K, reserved 1048576K
}
Event: 12.705 GC heap after
{Heap after GC invocations=33 (full 0):
 garbage-first heap   total 202752K, used 122218K [0x0000000703600000, 0x0000000800000000)
  region size 2048K, 4 young (8192K), 4 survivors (8192K)
 Metaspace       used 73466K, committed 74176K, reserved 1114112K
  class space    used 10060K, committed 10368K, reserved 1048576K
}
Event: 12.758 GC heap before
{Heap before GC invocations=33 (full 0):
 garbage-first heap   total 202752K, used 161130K [0x0000000703600000, 0x0000000800000000)
  region size 2048K, 23 young (47104K), 4 survivors (8192K)
 Metaspace       used 73468K, committed 74176K, reserved 1114112K
  class space    used 10060K, committed 10368K, reserved 1048576K
}
Event: 12.765 GC heap after
{Heap after GC invocations=34 (full 0):
 garbage-first heap   total 202752K, used 130477K [0x0000000703600000, 0x0000000800000000)
  region size 2048K, 3 young (6144K), 3 survivors (6144K)
 Metaspace       used 73468K, committed 74176K, reserved 1114112K
  class space    used 10060K, committed 10368K, reserved 1048576K
}
Event: 12.853 GC heap before
{Heap before GC invocations=34 (full 0):
 garbage-first heap   total 264192K, used 163245K [0x0000000703600000, 0x0000000800000000)
  region size 2048K, 22 young (45056K), 3 survivors (6144K)
 Metaspace       used 73468K, committed 74176K, reserved 1114112K
  class space    used 10060K, committed 10368K, reserved 1048576K
}
Event: 12.862 GC heap after
{Heap after GC invocations=35 (full 0):
 garbage-first heap   total 528384K, used 138875K [0x0000000703600000, 0x0000000800000000)
  region size 2048K, 3 young (6144K), 3 survivors (6144K)
 Metaspace       used 73468K, committed 74176K, reserved 1114112K
  class space    used 10060K, committed 10368K, reserved 1048576K
}
Event: 13.596 GC heap before
{Heap before GC invocations=36 (full 0):
 garbage-first heap   total 528384K, used 312955K [0x0000000703600000, 0x0000000800000000)
  region size 2048K, 88 young (180224K), 3 survivors (6144K)
 Metaspace       used 75732K, committed 76544K, reserved 1179648K
  class space    used 10337K, committed 10688K, reserved 1048576K
}
Event: 13.606 GC heap after
{Heap after GC invocations=37 (full 0):
 garbage-first heap   total 528384K, used 151645K [0x0000000703600000, 0x0000000800000000)
  region size 2048K, 10 young (20480K), 10 survivors (20480K)
 Metaspace       used 75732K, committed 76544K, reserved 1179648K
  class space    used 10337K, committed 10688K, reserved 1048576K
}

Dll operation events (13 events):
Event: 0.013 Loaded shared library C:\Program Files\Java\jdk-21\bin\java.dll
Event: 0.046 Loaded shared library C:\Program Files\Java\jdk-21\bin\jsvml.dll
Event: 0.181 Loaded shared library C:\Program Files\Java\jdk-21\bin\zip.dll
Event: 0.186 Loaded shared library C:\Program Files\Java\jdk-21\bin\instrument.dll
Event: 0.197 Loaded shared library C:\Program Files\Java\jdk-21\bin\net.dll
Event: 0.199 Loaded shared library C:\Program Files\Java\jdk-21\bin\nio.dll
Event: 0.203 Loaded shared library C:\Program Files\Java\jdk-21\bin\zip.dll
Event: 0.436 Loaded shared library C:\Program Files\Java\jdk-21\bin\extnet.dll
Event: 0.479 Loaded shared library C:\Program Files\Java\jdk-21\bin\jimage.dll
Event: 1.291 Loaded shared library C:\Program Files\Java\jdk-21\bin\management.dll
Event: 1.308 Loaded shared library C:\Program Files\Java\jdk-21\bin\management_ext.dll
Event: 2.633 Loaded shared library C:\Program Files\Java\jdk-21\bin\sunmscapi.dll
Event: 6.743 Loaded shared library C:\Program Files\Java\jdk-21\bin\verify.dll

Deoptimization events (20 events):
Event: 14.870 Thread 0x000002c4308db860 DEOPT PACKING pc=0x000002c442db9f00 sp=0x000000d72cdfbc20
Event: 14.870 Thread 0x000002c4308db860 DEOPT UNPACKING pc=0x000002c4425b7da2 sp=0x000000d72cdfbbf8 mode 2
Event: 14.870 Thread 0x000002c4308db860 Uncommon trap: trap_request=0xffffffde fr.pc=0x000002c442db9f00 relative=0x00000000000017a0
Event: 14.870 Thread 0x000002c4308db860 Uncommon trap: reason=class_check action=maybe_recompile pc=0x000002c442db9f00 method=org.springframework.core.annotation.AnnotatedElementUtils.hasAnnotation(Ljava/lang/reflect/AnnotatedElement;Ljava/lang/Class;)Z @ 21 c2
Event: 14.870 Thread 0x000002c4308db860 DEOPT PACKING pc=0x000002c442db9f00 sp=0x000000d72cdfbc20
Event: 14.870 Thread 0x000002c4308db860 DEOPT UNPACKING pc=0x000002c4425b7da2 sp=0x000000d72cdfbbf8 mode 2
Event: 14.870 Thread 0x000002c4308db860 Uncommon trap: trap_request=0xffffffde fr.pc=0x000002c442db9f00 relative=0x00000000000017a0
Event: 14.870 Thread 0x000002c4308db860 Uncommon trap: reason=class_check action=maybe_recompile pc=0x000002c442db9f00 method=org.springframework.core.annotation.AnnotatedElementUtils.hasAnnotation(Ljava/lang/reflect/AnnotatedElement;Ljava/lang/Class;)Z @ 21 c2
Event: 14.870 Thread 0x000002c4308db860 DEOPT PACKING pc=0x000002c442db9f00 sp=0x000000d72cdfbc20
Event: 14.870 Thread 0x000002c4308db860 DEOPT UNPACKING pc=0x000002c4425b7da2 sp=0x000000d72cdfbbf8 mode 2
Event: 14.902 Thread 0x000002c4308db860 Uncommon trap: trap_request=0xffffffde fr.pc=0x000002c442ceb8b8 relative=0x00000000000000f8
Event: 14.902 Thread 0x000002c4308db860 Uncommon trap: reason=class_check action=maybe_recompile pc=0x000002c442ceb8b8 method=org.springframework.core.SerializableTypeWrapper.unwrap(Ljava/lang/reflect/Type;)Ljava/lang/reflect/Type; @ 20 c2
Event: 14.902 Thread 0x000002c4308db860 DEOPT PACKING pc=0x000002c442ceb8b8 sp=0x000000d72cdf9df0
Event: 14.902 Thread 0x000002c4308db860 DEOPT UNPACKING pc=0x000002c4425b7da2 sp=0x000000d72cdf9d20 mode 2
Event: 14.912 Thread 0x000002c4308db860 Uncommon trap: trap_request=0xffffffde fr.pc=0x000002c442ceb8b8 relative=0x00000000000000f8
Event: 14.912 Thread 0x000002c4308db860 Uncommon trap: reason=class_check action=maybe_recompile pc=0x000002c442ceb8b8 method=org.springframework.core.SerializableTypeWrapper.unwrap(Ljava/lang/reflect/Type;)Ljava/lang/reflect/Type; @ 20 c2
Event: 14.912 Thread 0x000002c4308db860 DEOPT PACKING pc=0x000002c442ceb8b8 sp=0x000000d72cdf9df0
Event: 14.912 Thread 0x000002c4308db860 DEOPT UNPACKING pc=0x000002c4425b7da2 sp=0x000000d72cdf9d20 mode 2
Event: 14.916 Thread 0x000002c4308db860 DEOPT PACKING pc=0x000002c43b87b119 sp=0x000000d72cdf8580
Event: 14.916 Thread 0x000002c4308db860 DEOPT UNPACKING pc=0x000002c4425b88e2 sp=0x000000d72cdf7b20 mode 0

Classes loaded (20 events):
Event: 10.476 Loading class sun/reflect/ReflectionFactory
Event: 10.476 Loading class sun/reflect/ReflectionFactory done
Event: 10.477 Loading class sun/reflect/ReflectionFactory$1
Event: 10.477 Loading class sun/reflect/ReflectionFactory$1 done
Event: 10.477 Loading class java/io/OptionalDataException
Event: 10.477 Loading class java/io/OptionalDataException done
Event: 10.582 Loading class java/util/EmptyStackException
Event: 10.582 Loading class java/util/EmptyStackException done
Event: 10.710 Loading class java/io/InvalidClassException
Event: 10.710 Loading class java/io/InvalidClassException done
Event: 13.899 Loading class java/lang/invoke/BoundMethodHandle$Species_LLLLLLLLLL
Event: 13.899 Loading class java/lang/invoke/BoundMethodHandle$Species_LLLLLLLLLL done
Event: 13.900 Loading class java/lang/invoke/BoundMethodHandle$Species_LLLLLLLLLLL
Event: 13.900 Loading class java/lang/invoke/BoundMethodHandle$Species_LLLLLLLLLLL done
Event: 13.901 Loading class java/lang/invoke/BoundMethodHandle$Species_LLLLLLLLLLLL
Event: 13.901 Loading class java/lang/invoke/BoundMethodHandle$Species_LLLLLLLLLLLL done
Event: 14.706 Loading class java/util/Comparators$NullComparator
Event: 14.706 Loading class java/util/Comparators$NullComparator done
Event: 14.862 Loading class java/util/AbstractList$SubList$1
Event: 14.862 Loading class java/util/AbstractList$SubList$1 done

Classes unloaded (0 events):
No events

Classes redefined (0 events):
No events

Internal exceptions (20 events):
Event: 9.112 Thread 0x000002c4308db860 Exception <a 'java/lang/NoSuchMethodError'{0x0000000713201590}: 'java.lang.Object java.lang.invoke.DirectMethodHandle$Holder.newInvokeSpecial(java.lang.Object, java.lang.Object, java.lang.Object, java.lang.Object, java.lang.Object, int, java.lang.Object)'> (0x0000000713201590) 
thrown [s\open\src\hotspot\share\interpreter\linkResolver.cpp, line 773]
Event: 9.117 Thread 0x000002c4308db860 Exception <a 'java/lang/NoSuchMethodError'{0x000000071322fee8}: 'java.lang.Object java.lang.invoke.Invokers$Holder.linkToTargetMethod(java.lang.Object, java.lang.Object, java.lang.Object, java.lang.Object, java.lang.Object, java.lang.Object, java.lang.Object, java.lang.Object, java.lang.Object, java.lang.Object, java.lang.Object, java.lang.Object)'> (0x000000071322fee8) 
thrown [s\open\src\hotspot\share\interpreter\linkResolver.cpp, line 773]
Event: 9.130 Thread 0x000002c4308db860 Exception <a 'java/lang/IncompatibleClassChangeError'{0x00000007132e8fc0}: Found class java.lang.Object, but interface was expected> (0x00000007132e8fc0) 
thrown [s\open\src\hotspot\share\interpreter\linkResolver.cpp, line 840]
Event: 9.149 Thread 0x000002c4308db860 Exception <a 'java/lang/IncompatibleClassChangeError'{0x00000007133c6d70}: Found class java.lang.Object, but interface was expected> (0x00000007133c6d70) 
thrown [s\open\src\hotspot\share\interpreter\linkResolver.cpp, line 840]
Event: 9.159 Thread 0x000002c4308db860 Exception <a 'java/lang/NoSuchMethodError'{0x00000007110359e8}: 'java.lang.Object java.lang.invoke.DirectMethodHandle$Holder.newInvokeSpecial(java.lang.Object, java.lang.Object, java.lang.Object, java.lang.Object, java.lang.Object, java.lang.Object, java.lang.Object, int)'> (0x00000007110359e8) 
thrown [s\open\src\hotspot\share\interpreter\linkResolver.cpp, line 773]
Event: 9.159 Thread 0x000002c4308db860 Exception <a 'java/lang/NoSuchMethodError'{0x0000000711039f10}: 'java.lang.Object java.lang.invoke.DirectMethodHandle$Holder.invokeSpecial(java.lang.Object, java.lang.Object, java.lang.Object, java.lang.Object, java.lang.Object, java.lang.Object, java.lang.Object, java.lang.Object, int)'> (0x0000000711039f10) 
thrown [s\open\src\hotspot\share\interpreter\linkResolver.cpp, line 773]
Event: 9.159 Thread 0x000002c4308db860 Exception <a 'java/lang/NoSuchMethodError'{0x000000071103def0}: 'java.lang.Object java.lang.invoke.Invokers$Holder.linkToTargetMethod(java.lang.Object, java.lang.Object, java.lang.Object, java.lang.Object, java.lang.Object, java.lang.Object, int, java.lang.Object)'> (0x000000071103def0) 
thrown [s\open\src\hotspot\share\interpreter\linkResolver.cpp, line 773]
Event: 9.182 Thread 0x000002c4308db860 Exception <a 'java/lang/NoSuchMethodError'{0x000000071113e108}: 'java.lang.Object java.lang.invoke.DirectMethodHandle$Holder.newInvokeSpecial(java.lang.Object, java.lang.Object, int, java.lang.Object, int, java.lang.Object, java.lang.Object)'> (0x000000071113e108) 
thrown [s\open\src\hotspot\share\interpreter\linkResolver.cpp, line 773]
Event: 9.444 Thread 0x000002c4308db860 Exception <a 'java/lang/NoSuchMethodError'{0x0000000707a74d40}: 'java.lang.Object java.lang.invoke.DirectMethodHandle$Holder.invokeSpecial(java.lang.Object, java.lang.Object, int, java.lang.Object, int)'> (0x0000000707a74d40) 
thrown [s\open\src\hotspot\share\interpreter\linkResolver.cpp, line 773]
Event: 9.737 Thread 0x000002c4308db860 Implicit null exception at 0x000002c442dcc17c to 0x000002c442dcdc94
Event: 9.747 Thread 0x000002c4308db860 Exception <a 'java/lang/IncompatibleClassChangeError'{0x0000000707566068}: Found class java.lang.Object, but interface was expected> (0x0000000707566068) 
thrown [s\open\src\hotspot\share\interpreter\linkResolver.cpp, line 840]
Event: 9.822 Thread 0x000002c4308db860 Exception <a 'java/lang/IncompatibleClassChangeError'{0x00000007073555f0}: Found class java.lang.Object, but interface was expected> (0x00000007073555f0) 
thrown [s\open\src\hotspot\share\interpreter\linkResolver.cpp, line 840]
Event: 10.020 Thread 0x000002c4308db860 Exception <a 'java/lang/IncompatibleClassChangeError'{0x0000000706f462b0}: Found class java.lang.Object, but interface was expected> (0x0000000706f462b0) 
thrown [s\open\src\hotspot\share\interpreter\linkResolver.cpp, line 840]
Event: 10.211 Thread 0x000002c4308db860 Exception <a 'java/lang/IncompatibleClassChangeError'{0x000000070680d360}: Found class java.lang.Object, but interface was expected> (0x000000070680d360) 
thrown [s\open\src\hotspot\share\interpreter\linkResolver.cpp, line 840]
Event: 10.303 Thread 0x000002c4308db860 Exception <a 'java/lang/NoSuchMethodError'{0x00000007067b0d70}: 'void java.lang.invoke.Invokers$Holder.invokeExact_MT(java.lang.Object, java.lang.Object, java.lang.Object, java.lang.Object)'> (0x00000007067b0d70) 
thrown [s\open\src\hotspot\share\interpreter\linkResolver.cpp, line 773]
Event: 10.454 Thread 0x000002c4308db860 Exception <a 'java/lang/NoSuchMethodError'{0x0000000705fba548}: 'int java.lang.invoke.DirectMethodHandle$Holder.invokeStaticInit(java.lang.Object, int, java.lang.Object, java.lang.Object, java.lang.Object, java.lang.Object)'> (0x0000000705fba548) 
thrown [s\open\src\hotspot\share\interpreter\linkResolver.cpp, line 773]
Event: 13.900 Thread 0x000002c4308db860 Exception <a 'java/lang/NoSuchMethodError'{0x0000000717b51e18}: 'java.lang.Object java.lang.invoke.DirectMethodHandle$Holder.invokeStatic(java.lang.Object, java.lang.Object, java.lang.Object, java.lang.Object, java.lang.Object, java.lang.Object, java.lang.Object, java.lang.Object, java.lang.Object, java.lang.Object, java.lang.Object, java.lang.Object, java.lang.Object)'> (0x0000000717b51e18) 
thrown [s\open\src\hotspot\share\interpreter\linkResolver.cpp, line 773]
Event: 13.901 Thread 0x000002c4308db860 Exception <a 'java/lang/NoSuchMethodError'{0x0000000717b6f678}: 'java.lang.Object java.lang.invoke.DirectMethodHandle$Holder.invokeStatic(java.lang.Object, java.lang.Object, java.lang.Object, java.lang.Object, java.lang.Object, java.lang.Object, java.lang.Object, java.lang.Object, java.lang.Object, java.lang.Object, java.lang.Object, java.lang.Object, java.lang.Object, java.lang.Object)'> (0x0000000717b6f678) 
thrown [s\open\src\hotspot\share\interpreter\linkResolver.cpp, line 773]
Event: 13.901 Thread 0x000002c4308db860 Exception <a 'java/lang/NoSuchMethodError'{0x0000000717b8ece8}: 'java.lang.Object java.lang.invoke.DirectMethodHandle$Holder.invokeStatic(java.lang.Object, java.lang.Object, java.lang.Object, java.lang.Object, java.lang.Object, java.lang.Object, java.lang.Object, java.lang.Object, java.lang.Object, java.lang.Object, java.lang.Object, java.lang.Object, java.lang.Object, java.lang.Object, java.lang.Object)'> (0x0000000717b8ece8) 
thrown [s\open\src\hotspot\share\interpreter\linkResolver.cpp, line 773]
Event: 14.066 Thread 0x000002c4308db860 Exception <a 'java/lang/NoSuchMethodError'{0x0000000717383a88}: 'java.lang.Object java.lang.invoke.DirectMethodHandle$Holder.newInvokeSpecial(java.lang.Object, java.lang.Object, java.lang.Object, java.lang.Object, java.lang.Object, java.lang.Object, java.lang.Object, java.lang.Object)'> (0x0000000717383a88) 
thrown [s\open\src\hotspot\share\interpreter\linkResolver.cpp, line 773]

ZGC Phase Switch (0 events):
No events

VM Operations (20 events):
Event: 12.853 Executing VM operation: G1CollectForAllocation (G1 Evacuation Pause)
Event: 12.862 Executing VM operation: G1CollectForAllocation (G1 Evacuation Pause) done
Event: 12.867 Executing VM operation: G1PauseCleanup
Event: 12.868 Executing VM operation: G1PauseCleanup done
Event: 12.971 Executing VM operation: HandshakeAllThreads (Deoptimize)
Event: 12.971 Executing VM operation: HandshakeAllThreads (Deoptimize) done
Event: 13.472 Executing VM operation: ICBufferFull
Event: 13.472 Executing VM operation: ICBufferFull done
Event: 13.596 Executing VM operation: G1CollectForAllocation (G1 Evacuation Pause)
Event: 13.606 Executing VM operation: G1CollectForAllocation (G1 Evacuation Pause) done
Event: 14.674 Executing VM operation: HandshakeAllThreads (Deoptimize)
Event: 14.674 Executing VM operation: HandshakeAllThreads (Deoptimize) done
Event: 14.674 Executing VM operation: Cleanup
Event: 14.674 Executing VM operation: Cleanup done
Event: 14.695 Executing VM operation: HandshakeAllThreads (Deoptimize)
Event: 14.695 Executing VM operation: HandshakeAllThreads (Deoptimize) done
Event: 14.727 Executing VM operation: HandshakeAllThreads (Deoptimize)
Event: 14.727 Executing VM operation: HandshakeAllThreads (Deoptimize) done
Event: 14.729 Executing VM operation: HandshakeAllThreads (Deoptimize)
Event: 14.729 Executing VM operation: HandshakeAllThreads (Deoptimize) done

Events (20 events):
Event: 12.472 Thread 0x000002c45188fef0 flushing nmethod 0x000002c442d83e90
Event: 12.472 Thread 0x000002c45188fef0 flushing nmethod 0x000002c43b204990
Event: 12.472 Thread 0x000002c45188fef0 flushing nmethod 0x000002c43bcc6010
Event: 12.472 Thread 0x000002c45188fef0 flushing nmethod 0x000002c43bcc8590
Event: 12.472 Thread 0x000002c45188fef0 flushing nmethod 0x000002c43bccc110
Event: 12.840 Thread 0x000002c45188fef0 flushing nmethod 0x000002c442fda510
Event: 12.840 Thread 0x000002c45188fef0 flushing nmethod 0x000002c43b8add10
Event: 12.840 Thread 0x000002c45188fef0 flushing nmethod 0x000002c43bd4ac10
Event: 12.840 Thread 0x000002c45188fef0 flushing nmethod 0x000002c43bd58c10
Event: 12.840 Thread 0x000002c45188fef0 flushing nmethod 0x000002c43bd2f490
Event: 12.840 Thread 0x000002c45188fef0 flushing nmethod 0x000002c442e3ea90
Event: 12.840 Thread 0x000002c45188fef0 flushing nmethod 0x000002c442fcdc10
Event: 12.840 Thread 0x000002c45188fef0 flushing nmethod 0x000002c43bd1b990
Event: 13.105 Thread 0x000002c49cb03aa0 Thread added: 0x000002c49cb03aa0
Event: 13.147 Thread 0x000002c49836abf0 Thread added: 0x000002c49836abf0
Event: 13.182 Thread 0x000002c49d4e3940 Thread exited: 0x000002c49d4e3940
Event: 13.638 Thread 0x000002c49836abf0 Thread exited: 0x000002c49836abf0
Event: 13.713 Thread 0x000002c49cb03aa0 Thread exited: 0x000002c49cb03aa0
Event: 13.926 Thread 0x000002c49cb03aa0 Thread added: 0x000002c49cb03aa0
Event: 14.818 Thread 0x000002c49a0d7790 Thread added: 0x000002c49a0d7790


Dynamic libraries:
0x00007ff67c030000 - 0x00007ff67c040000 	C:\Program Files\Java\jdk-21\bin\java.exe
0x00007ffc13f60000 - 0x00007ffc141c7000 	C:\WINDOWS\SYSTEM32\ntdll.dll
0x00007ffc12bc0000 - 0x00007ffc12c89000 	C:\WINDOWS\System32\KERNEL32.DLL
0x00007ffc11140000 - 0x00007ffc1152f000 	C:\WINDOWS\System32\KERNELBASE.dll
0x00007ffc11bb0000 - 0x00007ffc11cfb000 	C:\WINDOWS\System32\ucrtbase.dll
0x00007ffc07d20000 - 0x00007ffc07d3b000 	C:\Program Files\Java\jdk-21\bin\VCRUNTIME140.dll
0x00007ffc07d00000 - 0x00007ffc07d19000 	C:\Program Files\Java\jdk-21\bin\jli.dll
0x00007ffc13810000 - 0x00007ffc138c4000 	C:\WINDOWS\System32\ADVAPI32.dll
0x00007ffc121f0000 - 0x00007ffc12299000 	C:\WINDOWS\System32\msvcrt.dll
0x00007ffc12370000 - 0x00007ffc12416000 	C:\WINDOWS\System32\sechost.dll
0x00007ffc13cf0000 - 0x00007ffc13e08000 	C:\WINDOWS\System32\RPCRT4.dll
0x00007ffc11d00000 - 0x00007ffc11ec5000 	C:\WINDOWS\System32\USER32.dll
0x00007ffc11b80000 - 0x00007ffc11ba7000 	C:\WINDOWS\System32\win32u.dll
0x00007ffc13650000 - 0x00007ffc1367b000 	C:\WINDOWS\System32\GDI32.dll
0x00007ffc11a50000 - 0x00007ffc11b7c000 	C:\WINDOWS\System32\gdi32full.dll
0x00007ffc118e0000 - 0x00007ffc11983000 	C:\WINDOWS\System32\msvcp_win.dll
0x00007ffbf7c80000 - 0x00007ffbf7f13000 	C:\WINDOWS\WinSxS\amd64_microsoft.windows.common-controls_6595b64144ccf1df_6.0.26100.7309_none_3e05feeae336a044\COMCTL32.dll
0x00007ffc07a70000 - 0x00007ffc07a7b000 	C:\WINDOWS\SYSTEM32\VERSION.dll
0x00007ffc122a0000 - 0x00007ffc122d1000 	C:\WINDOWS\System32\IMM32.DLL
0x00007ffc036e0000 - 0x00007ffc036ec000 	C:\Program Files\Java\jdk-21\bin\vcruntime140_1.dll
0x00007ffb90b40000 - 0x00007ffb90bce000 	C:\Program Files\Java\jdk-21\bin\msvcp140.dll
0x00007ffb32530000 - 0x00007ffb3324d000 	C:\Program Files\Java\jdk-21\bin\server\jvm.dll
0x00007ffc12420000 - 0x00007ffc12494000 	C:\WINDOWS\System32\WS2_32.dll
0x00007ffc10f10000 - 0x00007ffc10f6e000 	C:\WINDOWS\SYSTEM32\POWRPROF.dll
0x00007ffbf8080000 - 0x00007ffbf80b5000 	C:\WINDOWS\SYSTEM32\WINMM.dll
0x00007ffc10ef0000 - 0x00007ffc10f04000 	C:\WINDOWS\SYSTEM32\UMPDC.dll
0x00007ffc0fe40000 - 0x00007ffc0fe5b000 	C:\WINDOWS\SYSTEM32\kernel.appcore.dll
0x00007ffc03690000 - 0x00007ffc0369a000 	C:\Program Files\Java\jdk-21\bin\jimage.dll
0x00007ffc01740000 - 0x00007ffc01982000 	C:\WINDOWS\SYSTEM32\DBGHELP.DLL
0x00007ffc13960000 - 0x00007ffc13ce6000 	C:\WINDOWS\System32\combase.dll
0x00007ffc12100000 - 0x00007ffc121d6000 	C:\WINDOWS\System32\OLEAUT32.dll
0x00007ffbfe910000 - 0x00007ffbfe94c000 	C:\WINDOWS\SYSTEM32\dbgcore.DLL
0x00007ffc11540000 - 0x00007ffc115e5000 	C:\WINDOWS\System32\bcryptPrimitives.dll
0x00007ffbe0e80000 - 0x00007ffbe0e8f000 	C:\Program Files\Java\jdk-21\bin\instrument.dll
0x00007ffbe23b0000 - 0x00007ffbe23cf000 	C:\Program Files\Java\jdk-21\bin\java.dll
0x00007ffc12c90000 - 0x00007ffc133e3000 	C:\WINDOWS\System32\SHELL32.dll
0x00007ffc11770000 - 0x00007ffc118da000 	C:\WINDOWS\System32\wintypes.dll
0x00007ffc0ec80000 - 0x00007ffc0f4de000 	C:\WINDOWS\SYSTEM32\windows.storage.dll
0x00007ffc12ac0000 - 0x00007ffc12bb4000 	C:\WINDOWS\System32\SHCORE.dll
0x00007ffc124d0000 - 0x00007ffc12536000 	C:\WINDOWS\System32\shlwapi.dll
0x00007ffc10fd0000 - 0x00007ffc10ff9000 	C:\WINDOWS\SYSTEM32\profapi.dll
0x00007ffb90a60000 - 0x00007ffb90b37000 	C:\Program Files\Java\jdk-21\bin\jsvml.dll
0x00007ffbdfec0000 - 0x00007ffbdfed8000 	C:\Program Files\Java\jdk-21\bin\zip.dll
0x00007ffc00250000 - 0x00007ffc00260000 	C:\Program Files\Java\jdk-21\bin\net.dll
0x00007ffc07360000 - 0x00007ffc07488000 	C:\WINDOWS\SYSTEM32\WINHTTP.dll
0x00007ffc103d0000 - 0x00007ffc1043b000 	C:\WINDOWS\system32\mswsock.dll
0x00007ffbe2390000 - 0x00007ffbe23a6000 	C:\Program Files\Java\jdk-21\bin\nio.dll
0x00007ffbdfeb0000 - 0x00007ffbdfeb9000 	C:\Program Files\Java\jdk-21\bin\extnet.dll
0x00007ffc0f8a0000 - 0x00007ffc0f9cc000 	C:\WINDOWS\SYSTEM32\DNSAPI.dll
0x00007ffc0f810000 - 0x00007ffc0f844000 	C:\WINDOWS\SYSTEM32\IPHLPAPI.DLL
0x00007ffc138d0000 - 0x00007ffc138da000 	C:\WINDOWS\System32\NSI.dll
0x00007ffc081c0000 - 0x00007ffc081cb000 	C:\Windows\System32\rasadhlp.dll
0x00007ffc02f50000 - 0x00007ffc02fd6000 	C:\WINDOWS\System32\fwpuclnt.dll
0x00007ffbdf0b0000 - 0x00007ffbdf0ba000 	C:\Program Files\Java\jdk-21\bin\management.dll
0x00007ffbdede0000 - 0x00007ffbdedeb000 	C:\Program Files\Java\jdk-21\bin\management_ext.dll
0x00007ffc13f10000 - 0x00007ffc13f18000 	C:\WINDOWS\System32\PSAPI.DLL
0x00007ffc10690000 - 0x00007ffc106ab000 	C:\WINDOWS\SYSTEM32\CRYPTSP.dll
0x00007ffc0fd90000 - 0x00007ffc0fdca000 	C:\WINDOWS\system32\rsaenh.dll
0x00007ffc10480000 - 0x00007ffc104ab000 	C:\WINDOWS\SYSTEM32\USERENV.dll
0x00007ffc10fa0000 - 0x00007ffc10fca000 	C:\WINDOWS\SYSTEM32\bcrypt.dll
0x00007ffc106b0000 - 0x00007ffc106bc000 	C:\WINDOWS\SYSTEM32\CRYPTBASE.dll
0x00007ffb91aa0000 - 0x00007ffb91ab8000 	C:\WINDOWS\system32\napinsp.dll
0x00007ffb91a80000 - 0x00007ffb91a92000 	C:\WINDOWS\System32\winrnr.dll
0x00007ffbc0e90000 - 0x00007ffbc0eb2000 	C:\WINDOWS\system32\nlansp_c.dll
0x00007ffc07b90000 - 0x00007ffc07ba6000 	C:\WINDOWS\system32\wshbth.dll
0x00007ffbf4610000 - 0x00007ffbf4666000 	C:\WINDOWS\SYSTEM32\pdh.dll
0x00007ffc0b390000 - 0x00007ffc0b3a2000 	C:\WINDOWS\System32\perfproc.dll
0x00007ffbe0480000 - 0x00007ffbe048e000 	C:\Program Files\Java\jdk-21\bin\sunmscapi.dll
0x00007ffc115f0000 - 0x00007ffc11767000 	C:\WINDOWS\System32\CRYPT32.dll
0x00007ffc108b0000 - 0x00007ffc108e0000 	C:\WINDOWS\SYSTEM32\ncrypt.dll
0x00007ffc10860000 - 0x00007ffc1089f000 	C:\WINDOWS\SYSTEM32\NTASN1.dll
0x00007ffc0b320000 - 0x00007ffc0b331000 	C:\WINDOWS\System32\perfos.dll
0x00007ffc0e3b0000 - 0x00007ffc0e3c2000 	C:\WINDOWS\SYSTEM32\pfclient.dll
0x00007ffbde980000 - 0x00007ffbde990000 	C:\Program Files\Java\jdk-21\bin\verify.dll

dbghelp: loaded successfully - version: 4.0.5 - missing functions: none
symbol engine: initialized successfully - sym options: 0x614 - pdb path: .;C:\Program Files\Java\jdk-21\bin;C:\WINDOWS\SYSTEM32;C:\WINDOWS\WinSxS\amd64_microsoft.windows.common-controls_6595b64144ccf1df_6.0.26100.7309_none_3e05feeae336a044;C:\Program Files\Java\jdk-21\bin\server

VM Arguments:
jvm_args: -javaagent:F:\IntelliJ IDEA Community Edition 2025.2\lib\idea_rt.jar=53357 -Dfile.encoding=UTF-8 -Dsun.stdout.encoding=UTF-8 -Dsun.stderr.encoding=UTF-8 
java_command: com.store.restaurant.RestaurantApplication
java_class_path (initial): F:\restaurant\restaurant\target\classes;C:\Users\ADMIN\.m2\repository\org\springframework\boot\spring-boot-starter-data-jpa\3.5.6\spring-boot-starter-data-jpa-3.5.6.jar;C:\Users\ADMIN\.m2\repository\org\springframework\boot\spring-boot-starter\3.5.6\spring-boot-starter-3.5.6.jar;C:\Users\ADMIN\.m2\repository\org\springframework\boot\spring-boot\3.5.6\spring-boot-3.5.6.jar;C:\Users\ADMIN\.m2\repository\org\springframework\boot\spring-boot-autoconfigure\3.5.6\spring-boot-autoconfigure-3.5.6.jar;C:\Users\ADMIN\.m2\repository\org\springframework\boot\spring-boot-starter-logging\3.5.6\spring-boot-starter-logging-3.5.6.jar;C:\Users\ADMIN\.m2\repository\ch\qos\logback\logback-classic\1.5.18\logback-classic-1.5.18.jar;C:\Users\ADMIN\.m2\repository\ch\qos\logback\logback-core\1.5.18\logback-core-1.5.18.jar;C:\Users\ADMIN\.m2\repository\org\apache\logging\log4j\log4j-to-slf4j\2.24.3\log4j-to-slf4j-2.24.3.jar;C:\Users\ADMIN\.m2\repository\org\apache\logging\log4j\log4j-api\2.24.3\log4j-api-2.24.3.jar;C:\Users\ADMIN\.m2\repository\org\slf4j\jul-to-slf4j\2.0.17\jul-to-slf4j-2.0.17.jar;C:\Users\ADMIN\.m2\repository\jakarta\annotation\jakarta.annotation-api\2.1.1\jakarta.annotation-api-2.1.1.jar;C:\Users\ADMIN\.m2\repository\org\yaml\snakeyaml\2.4\snakeyaml-2.4.jar;C:\Users\ADMIN\.m2\repository\org\springframework\boot\spring-boot-starter-jdbc\3.5.6\spring-boot-starter-jdbc-3.5.6.jar;C:\Users\ADMIN\.m2\repository\com\zaxxer\HikariCP\6.3.3\HikariCP-6.3.3.jar;C:\Users\ADMIN\.m2\repository\org\springframework\spring-jdbc\6.2.11\spring-jdbc-6.2.11.jar;C:\Users\ADMIN\.m2\repository\org\hibernate\orm\hibernate-core\6.6.29.Final\hibernate-core-6.6.29.Final.jar;C:\Users\ADMIN\.m2\repository\jakarta\persistence\jakarta.persistence-api\3.1.0\jakarta.persistence-api-3.1.0.jar;C:\Users\ADMIN\.m2\repository\jakarta\transaction\jakarta.transaction-api\2.0.1\jakarta.transaction-api-2.0.1.jar;C:\Users\ADMIN\.m2\repository\org\jboss\logging\jboss-logging\3.6.1.Final\jboss-logging-3.6.1.Final.jar;C:\Users\ADMIN\.m2\repository\org\hibernate\common\hibernate-commons-annotations\7.0.3.Final\hibernate-commons-annotations-7.0.3.Final.jar;C:\Users\ADMIN\.m2\repository\io\smallrye\jandex\3.2.0\jandex-3.2.0.jar;C:\Users\ADMIN\.m2\repository\com\fasterxml\classmate\1.7.0\classmate-1.7.0.jar;C:\Users\ADMIN\.m2\repository\net\bytebuddy\byte-buddy\1.17.7\byte-buddy-1.17.7.jar;C:\Users\ADMIN\.m2\repository\org\glassfish\jaxb\jaxb-runtime\4.0.5\jaxb-runtime-4.0.5.jar;C:\Users\ADMIN\.m2\repository\org\glassfish\jaxb\jaxb-core\4.0.5\jaxb-core-4.0.5.jar;C:\Users\ADMIN\.m2\repository\org\eclipse\angus\angus-activation\2.0.2\angus-activation-2.0.2.jar;C:\Users\ADMIN\.m2\repository\org\glassfish\jaxb\txw2\4.0.5\txw2-4.0.5.jar;C:\Users\ADMIN\.m2\repository\com\sun\istack\istack-commons-runtime\4.1.2\istack-commons-runtime-4.1.2.jar;C:\Users\ADMIN\.m2\repository\jakarta\inject\jakarta.inject-api\2.0.1\jakarta.inject-api-2.0.1.jar;C:\Users\ADMIN\.m2\repository\org\antlr\antlr4-runtime\4.13.0\antlr4-runtime-4.13.0.jar;C:\Users\ADMIN\.m2\repository\org\springframework\data\spring-data-jpa\3.5.4\spring-data-jpa-3.5.4.jar;C:\Users\ADMIN\.m2\repository\org\springframework\data\spring-data-commons\3.5.4\spring-data-commons-3.5.4.jar;C:\Users\ADMIN\.m2\repository\org\springframework\spring-orm\6.2.11\spring-orm-6.2.11.jar;C:\Users\ADMIN\.m2\repository\org\springframework\spring-context\6.2.11\spring-context-6.2.11.jar;C:\Users\ADMIN\.m2\repository\org\springframework\spring-aop\6.2.11\spring-aop-6.2.11.jar;C:\Users\ADMIN\.m2\repository\org\springframework\spring-tx\6.2.11\spring-tx-6.2.11.jar;C:\Users\ADMIN\.m2\repository\org\springframework\spring-beans\6.2.11\spring-beans-6.2.11.jar;C:\Users\ADMIN\.m2\repository\org\slf4j\slf4j-api\2.0.17\slf4j-api-2.0.17.jar;C:\Users\ADMIN\.m2\repository\org\springframework\spring-aspects\6.2.11\spring-aspects-6.2.11.jar;C:\Users\ADMIN\.m2\repository\org\aspectj\aspectjweaver\1.9.24\aspectjweaver-1.9.24.jar;C:\Users\ADMIN\.m2\repository\org\springframework\boot\spring-boot-starter-validation\3.5.6\spring-boot-starter-validation-3.5.6.jar;C:\Users\ADMIN\.m2\repository\org\apache\tomcat\embed\tomcat-embed-el\10.1.46\tomcat-embed-el-10.1.46.jar;C:\Users\ADMIN\.m2\repository\org\hibernate\validator\hibernate-validator\8.0.3.Final\hibernate-validator-8.0.3.Final.jar;C:\Users\ADMIN\.m2\repository\jakarta\validation\jakarta.validation-api\3.0.2\jakarta.validation-api-3.0.2.jar;C:\Users\ADMIN\.m2\repository\org\springframework\boot\spring-boot-starter-web\3.5.6\spring-boot-starter-web-3.5.6.jar;C:\Users\ADMIN\.m2\repository\org\springframework\boot\spring-boot-starter-json\3.5.6\spring-boot-starter-json-3.5.6.jar;C:\Users\ADMIN\.m2\repository\com\fasterxml\jackson\core\jackson-databind\2.19.2\jackson-databind-2.19.2.jar;C:\Users\ADMIN\.m2\repository\com\fasterxml\jackson\core\jackson-annotations\2.19.2\jackson-annotations-2.19.2.jar;C:\Users\ADMIN\.m2\repository\com\fasterxml\jackson\core\jackson-core\2.19.2\jackson-core-2.19.2.jar;C:\Users\ADMIN\.m2\repository\com\fasterxml\jackson\datatype\jackson-datatype-jdk8\2.19.2\jackson-datatype-jdk8-2.19.2.jar;C:\Users\ADMIN\.m2\repository\com\fasterxml\jackson\datatype\jackson-datatype-jsr310\2.19.2\jackson-datatype-jsr310-2.19.2.jar;C:\Users\ADMIN\.m2\repository\com\fasterxml\jackson\module\jackson-module-parameter-names\2.19.2\jackson-module-parameter-names-2.19.2.jar;C:\Users\ADMIN\.m2\repository\org\springframework\boot\spring-boot-starter-tomcat\3.5.6\spring-boot-starter-tomcat-3.5.6.jar;C:\Users\ADMIN\.m2\repository\org\apache\tomcat\embed\tomcat-embed-core\10.1.46\tomcat-embed-core-10.1.46.jar;C:\Users\ADMIN\.m2\repository\org\apache\tomcat\embed\tomcat-embed-websocket\10.1.46\tomcat-embed-websocket-10.1.46.jar;C:\Users\ADMIN\.m2\repository\org\springframework\spring-web\6.2.11\spring-web-6.2.11.jar;C:\Users\ADMIN\.m2\repository\io\micrometer\micrometer-observation\1.15.4\micrometer-observation-1.15.4.jar;C:\Users\ADMIN\.m2\repository\io\micrometer\micrometer-commons\1.15.4\micrometer-commons-1.15.4.jar;C:\Users\ADMIN\.m2\repository\org\springframework\spring-webmvc\6.2.11\spring-webmvc-6.2.11.jar;C:\Users\ADMIN\.m2\repository\org\springframework\spring-expression\6.2.11\spring-expression-6.2.11.jar;C:\Users\ADMIN\.m2\repository\org\springframework\boot\spring-boot-starter-oauth2-resource-server\3.5.6\spring-boot-starter-oauth2-resource-server-3.5.6.jar;C:\Users\ADMIN\.m2\repository\org\springframework\security\spring-security-config\6.4.4\spring-security-config-6.4.4.jar;C:\Users\ADMIN\.m2\repository\org\springframework\security\spring-security-core\6.4.4\spring-security-core-6.4.4.jar;C:\Users\ADMIN\.m2\repository\org\springframework\security\spring-security-oauth2-resource-server\6.4.4\spring-security-oauth2-resource-server-6.4.4.jar;C:\Users\ADMIN\.m2\repository\org\springframework\security\spring-security-oauth2-core\6.4.4\spring-security-oauth2-core-6.4.4.jar;C:\Users\ADMIN\.m2\repository\org\springframework\security\spring-security-web\6.4.4\spring-security-web-6.4.4.jar;C:\Users\ADMIN\.m2\repository\org\springframework\security\spring-security-oauth2-jose\6.4.4\spring-security-oauth2-jose-6.4.4.jar;C:\Users\ADMIN\.m2\repository\com\nimbusds\nimbus-jose-jwt\9.37.2\nimbus-jose-jwt-9.37.2.jar;C:\Users\ADMIN\.m2\repository\com\github\stephenc\jcip\jcip-annotations\1.0-1\jcip-annotations-1.0-1.jar;C:\Users\ADMIN\.m2\repository\com\mysql\mysql-connector-j\9.4.0\mysql-connector-j-9.4.0.jar;C:\Users\ADMIN\.m2\repository\org\projectlombok\lombok\1.18.40\lombok-1.18.40.jar;C:\Users\ADMIN\.m2\repository\jakarta\xml\bind\jakarta.xml.bind-api\4.0.2\jakarta.xml.bind-api-4.0.2.jar;C:\Users\ADMIN\.m2\repository\jakarta\activation\jakarta.activation-api\2.1.4\jakarta.activation-api-2.1.4.jar;C:\Users\ADMIN\.m2\repository\org\springframework\spring-core\6.2.11\spring-core-6.2.11.jar;C:\Users\ADMIN\.m2\repository\org\springframework\spring-jcl\6.2.11\spring-jcl-6.2.11.jar;C:\Users\ADMIN\.m2\repository\org\springframework\security\spring-security-crypto\6.4.4\spring-security-crypto-6.4.4.jar;C:\Users\ADMIN\.m2\repository\org\mapstruct\mapstruct\1.5.5.Final\mapstruct-1.5.5.Final.jar
Launcher Type: SUN_STANDARD

[Global flags]
     intx CICompilerCount                          = 4                                         {product} {ergonomic}
     uint ConcGCThreads                            = 3                                         {product} {ergonomic}
     uint G1ConcRefinementThreads                  = 10                                        {product} {ergonomic}
   size_t G1HeapRegionSize                         = 2097152                                   {product} {ergonomic}
    uintx GCDrainStackTargetSize                   = 64                                        {product} {ergonomic}
   size_t InitialHeapSize                          = 266338304                                 {product} {ergonomic}
   size_t MarkStackSize                            = 4194304                                   {product} {ergonomic}
   size_t MaxHeapSize                              = 4238344192                                {product} {ergonomic}
   size_t MaxNewSize                               = 2541748224                                {product} {ergonomic}
   size_t MinHeapDeltaBytes                        = 2097152                                   {product} {ergonomic}
   size_t MinHeapSize                              = 8388608                                   {product} {ergonomic}
    uintx NonNMethodCodeHeapSize                   = 5839372                                {pd product} {ergonomic}
    uintx NonProfiledCodeHeapSize                  = 122909434                              {pd product} {ergonomic}
    uintx ProfiledCodeHeapSize                     = 122909434                              {pd product} {ergonomic}
    uintx ReservedCodeCacheSize                    = 251658240                              {pd product} {ergonomic}
     bool SegmentedCodeCache                       = true                                      {product} {ergonomic}
   size_t SoftMaxHeapSize                          = 4238344192                             {manageable} {ergonomic}
     bool UseCompressedOops                        = true                           {product lp64_product} {ergonomic}
     bool UseG1GC                                  = true                                      {product} {ergonomic}
     bool UseLargePagesIndividualAllocation        = false                                  {pd product} {ergonomic}

Logging:
Log output configuration:
 #0: stdout all=warning uptime,level,tags foldmultilines=false
 #1: stderr all=off uptime,level,tags foldmultilines=false

Environment Variables:
PATH=C:\Program Files\Common Files\Oracle\Java\javapath;C:\Program Files (x86)\Common Files\Oracle\Java\javapath;C:\Users\ADMIN\AppData\Local\Android\Sdk\platform-tools;C:\WINDOWS;C:\WINDOWS\System32\Wbem;C:\WINDOWS\System32\WindowsPowerShell\v1.0\;C:\WINDOWS\System32\OpenSSH\;G:\taixuong\apache-maven-3.9.9\bin;C:\Program Files\Git\cmd;C:\Program Files\Microsoft SQL Server\150\Tools\Binn\;C:\Program Files\Microsoft SQL Server\Client SDK\ODBC\170\Tools\Binn\;C:\Program Files\dotnet\;C:\Program Files (x86)\Microsoft SQL Server\160\Tools\Binn\;C:\Program Files\Microsoft SQL Server\160\Tools\Binn\;C:\Program Files\Microsoft SQL Server\160\DTS\Binn\;G:\taixuong\mysql-8.0.39-winx64\bin;C:\Program Files (x86)\Microsoft SQL Server\160\DTS\Binn\;C:\Program Files\nodejs\;C:\Program Files\DAX Studio;C:\Program Files\Docker\Docker\resources\bin;C:\flutter_windows_3.35.3-stable\flutter\bin;C:\Windows\System32;C:\Users\ADMIN\AppData\Local\Microsoft\WindowsApps;C:\Users\ADMIN\AppData\Local\Programs\Microsoft VS Code\bin;C:\Users\ADMIN\.dotnet\tools;C:\Users\ADMIN\AppData\Roaming\npm
USERNAME=ADMIN
OS=Windows_NT
PROCESSOR_IDENTIFIER=Intel64 Family 6 Model 141 Stepping 1, GenuineIntel
TMP=C:\Users\ADMIN\AppData\Local\Temp
TEMP=C:\Users\ADMIN\AppData\Local\Temp




Periodic native trim disabled

---------------  S Y S T E M  ---------------

OS:
 Windows 11 , 64 bit Build 26100 (10.0.26100.7309)
OS uptime: 5 days 5:53 hours
Hyper-V role detected

CPU: total 12 (initial active 12) (6 cores per cpu, 2 threads per core) family 6 model 141 stepping 1 microcode 0x34, cx8, cmov, fxsr, ht, mmx, 3dnowpref, sse, sse2, sse3, ssse3, sse4.1, sse4.2, popcnt, lzcnt, tsc, tscinvbit, avx, avx2, aes, erms, clmul, bmi1, bmi2, adx, avx512f, avx512dq, avx512cd, avx512bw, avx512vl, sha, fma, vzeroupper, avx512_vpopcntdq, avx512_vpclmulqdq, avx512_vaes, avx512_vnni, clflush, clflushopt, clwb, avx512_vbmi2, avx512_vbmi, hv, rdtscp, rdpid, fsrm, gfni, avx512_bitalg, f16c, cet_ibt, cet_ss, avx512_ifma
Processor Information for all 12 processors :
  Max Mhz: 2688, Current Mhz: 2688, Mhz Limit: 2688

Memory: 4k page, system-wide physical 16163M (1160M free)
TotalPageFile size 38167M (AvailPageFile size 10M)
current process WorkingSet (physical memory assigned to process): 671M, peak: 672M
current process commit charge ("private bytes"): 799M, peak: 803M

vm_info: Java HotSpot(TM) 64-Bit Server VM (21.0.8+12-LTS-250) for windows-amd64 JRE (21.0.8+12-LTS-250), built on 2025-06-27T08:11:22Z by "mach5one" with MS VC++ 17.6 (VS2022)

END.
